<?xml version="1.0" encoding="UTF-8"?>
<testsuite errors="57" failures="57" name="libgomp.c" tests="300" time="543.820088">
  <testcase classname=":libgomp.c:affinity-1" name="hero-z-7045@config_file=/home0/alessandro/workspace_PULP/hero/hero-sdk/pulp-sdk/configs/json/hero-z-7045.json" time="0.034254">
    <failure>
Running: libgomp.c:affinity-1 / hero-z-7045@config_file=/home0/alessandro/workspace_PULP/hero/hero-sdk/pulp-sdk/configs/json/hero-z-7045.json
Using timeout: 30 seconds
Launching test with command: make clean CSRCS=affinity-1.c
rm -rf *.o *~ libgomp_testsuite affinity-1.o  offload.bin offload.so
Reached EOF with exit status 0
Using timeout: 30 seconds
Launching test with command: make all CSRCS=affinity-1.c
arm-linux-gnueabihf-gcc -O3 -g3 -fopenmp -Wall -I. -I../common -I/home0/alessandro/workspace_PULP/hero/hero-sdk/libhero-target/inc    -c -o affinity-1.o affinity-1.c
[01m[Kaffinity-1.c:25:10:[m[K [01;31m[Kfatal error: [m[Kconfig.h: No such file or directory
 #include [01;31m[K"config.h"[m[K
          [01;31m[K^~~~~~~~~~[m[K
compilation terminated.
&lt;builtin&gt;: recipe for target 'affinity-1.o' failed
make: *** [affinity-1.o] Error 1
Reached EOF with exit status 2
</failure>
  </testcase>
  <testcase classname=":libgomp.c:vla-1" name="hero-z-7045@config_file=/home0/alessandro/workspace_PULP/hero/hero-sdk/pulp-sdk/configs/json/hero-z-7045.json" time="1.398989">
    <success/>
  </testcase>
  <testcase classname=":libgomp.c:uns-outer-4" name="hero-z-7045@config_file=/home0/alessandro/workspace_PULP/hero/hero-sdk/pulp-sdk/configs/json/hero-z-7045.json" time="1.279796">
    <success/>
  </testcase>
  <testcase classname=":libgomp.c:udr-3" name="hero-z-7045@config_file=/home0/alessandro/workspace_PULP/hero/hero-sdk/pulp-sdk/configs/json/hero-z-7045.json" time="1.243413">
    <success/>
  </testcase>
  <testcase classname=":libgomp.c:udr-2" name="hero-z-7045@config_file=/home0/alessandro/workspace_PULP/hero/hero-sdk/pulp-sdk/configs/json/hero-z-7045.json" time="1.291724">
    <success/>
  </testcase>
  <testcase classname=":libgomp.c:udr-1" name="hero-z-7045@config_file=/home0/alessandro/workspace_PULP/hero/hero-sdk/pulp-sdk/configs/json/hero-z-7045.json" time="1.276113">
    <success/>
  </testcase>
  <testcase classname=":libgomp.c:thread-limit-3" name="hero-z-7045@config_file=/home0/alessandro/workspace_PULP/hero/hero-sdk/pulp-sdk/configs/json/hero-z-7045.json" time="0.177504">
    <failure>
Running: libgomp.c:thread-limit-3 / hero-z-7045@config_file=/home0/alessandro/workspace_PULP/hero/hero-sdk/pulp-sdk/configs/json/hero-z-7045.json
Using timeout: 30 seconds
Launching test with command: make clean CSRCS=thread-limit-3.c
rm -rf *.o *~ libgomp_testsuite thread-limit-3.o  offload.bin offload.so
Reached EOF with exit status 0
Using timeout: 30 seconds
Launching test with command: make all CSRCS=thread-limit-3.c
arm-linux-gnueabihf-gcc -O3 -g3 -fopenmp -Wall -I. -I../common -I/home0/alessandro/workspace_PULP/hero/hero-sdk/libhero-target/inc    -c -o thread-limit-3.o thread-limit-3.c
arm-linux-gnueabihf-gcc -O3 -g3 -fopenmp -Wall -I. -I../common -I/home0/alessandro/workspace_PULP/hero/hero-sdk/libhero-target/inc  thread-limit-3.o  -L/home0/alessandro/workspace_PULP/hero/hero-sdk/libhero-target/lib -lhero-target -o libgomp_testsuite
/tmp/ccCtsdGh_offload.o: In function `main._omp_fn.0':
&lt;artificial&gt;:(.text.main._omp_fn.0+0xa): undefined reference to `omp_get_thread_limit'
collect2: error: ld returned 1 exit status
lto-wrapper: fatal error: /home0/alessandro/workspace_PULP/hero/hero-sdk/hero-gcc-toolchain/pkg/hero-gcc-toolchain/libexec/gcc/arm-linux-gnueabihf/7.1.1//accel/riscv32-unknown-elf/mkoffload terminated with signal 11 [Segmentation fault], core dumped
compilation terminated.
/home0/alessandro/workspace_PULP/hero/hero-sdk/hero-gcc-toolchain/pkg/hero-gcc-toolchain/lib/gcc/arm-linux-gnueabihf/7.1.1/../../../../arm-linux-gnueabihf/bin/ld: error: lto-wrapper failed
collect2: error: ld returned 1 exit status
/home0/alessandro/workspace_PULP/hero/hero-sdk/hero-openmp-examples/common/default.mk:36: recipe for target 'libgomp_testsuite' failed
make: *** [libgomp_testsuite] Error 1
Reached EOF with exit status 2
</failure>
  </testcase>
  <testcase classname=":libgomp.c:thread-limit-2" name="hero-z-7045@config_file=/home0/alessandro/workspace_PULP/hero/hero-sdk/pulp-sdk/configs/json/hero-z-7045.json" time="0.228010">
    <failure>
Running: libgomp.c:thread-limit-2 / hero-z-7045@config_file=/home0/alessandro/workspace_PULP/hero/hero-sdk/pulp-sdk/configs/json/hero-z-7045.json
Using timeout: 30 seconds
Launching test with command: make clean CSRCS=thread-limit-2.c
rm -rf *.o *~ libgomp_testsuite thread-limit-2.o  offload.bin offload.so
Reached EOF with exit status 0
Using timeout: 30 seconds
Launching test with command: make all CSRCS=thread-limit-2.c
arm-linux-gnueabihf-gcc -O3 -g3 -fopenmp -Wall -I. -I../common -I/home0/alessandro/workspace_PULP/hero/hero-sdk/libhero-target/inc    -c -o thread-limit-2.o thread-limit-2.c
arm-linux-gnueabihf-gcc -O3 -g3 -fopenmp -Wall -I. -I../common -I/home0/alessandro/workspace_PULP/hero/hero-sdk/libhero-target/inc  thread-limit-2.o  -L/home0/alessandro/workspace_PULP/hero/hero-sdk/libhero-target/lib -lhero-target -o libgomp_testsuite
/tmp/ccmygnkz_offload.o: In function `main._omp_fn.9':
&lt;artificial&gt;:(.text.main._omp_fn.9+0x28): undefined reference to `usleep'
/tmp/ccmygnkz_offload.o: In function `main._omp_fn.2':
&lt;artificial&gt;:(.text.main._omp_fn.2+0xa): undefined reference to `omp_get_thread_limit'
&lt;artificial&gt;:(.text.main._omp_fn.2+0x18): undefined reference to `omp_get_thread_limit'
collect2: error: ld returned 1 exit status
lto-wrapper: fatal error: /home0/alessandro/workspace_PULP/hero/hero-sdk/hero-gcc-toolchain/pkg/hero-gcc-toolchain/libexec/gcc/arm-linux-gnueabihf/7.1.1//accel/riscv32-unknown-elf/mkoffload terminated with signal 11 [Segmentation fault], core dumped
compilation terminated.
/home0/alessandro/workspace_PULP/hero/hero-sdk/hero-gcc-toolchain/pkg/hero-gcc-toolchain/lib/gcc/arm-linux-gnueabihf/7.1.1/../../../../arm-linux-gnueabihf/bin/ld: error: lto-wrapper failed
collect2: error: ld returned 1 exit status
/home0/alessandro/workspace_PULP/hero/hero-sdk/hero-openmp-examples/common/default.mk:36: recipe for target 'libgomp_testsuite' failed
make: *** [libgomp_testsuite] Error 1
Reached EOF with exit status 2
</failure>
  </testcase>
  <testcase classname=":libgomp.c:thread-limit-1" name="hero-z-7045@config_file=/home0/alessandro/workspace_PULP/hero/hero-sdk/pulp-sdk/configs/json/hero-z-7045.json" time="1.317377">
    <success/>
  </testcase>
  <testcase classname=":libgomp.c:taskloop-4" name="hero-z-7045@config_file=/home0/alessandro/workspace_PULP/hero/hero-sdk/pulp-sdk/configs/json/hero-z-7045.json" time="1.300210">
    <success/>
  </testcase>
  <testcase classname=":libgomp.c:taskloop-3" name="hero-z-7045@config_file=/home0/alessandro/workspace_PULP/hero/hero-sdk/pulp-sdk/configs/json/hero-z-7045.json" time="1.283537">
    <success/>
  </testcase>
  <testcase classname=":libgomp.c:taskloop-2" name="hero-z-7045@config_file=/home0/alessandro/workspace_PULP/hero/hero-sdk/pulp-sdk/configs/json/hero-z-7045.json" time="1.364008">
    <success/>
  </testcase>
  <testcase classname=":libgomp.c:taskloop-1" name="hero-z-7045@config_file=/home0/alessandro/workspace_PULP/hero/hero-sdk/pulp-sdk/configs/json/hero-z-7045.json" time="1.271558">
    <success/>
  </testcase>
  <testcase classname=":libgomp.c:taskgroup-1" name="hero-z-7045@config_file=/home0/alessandro/workspace_PULP/hero/hero-sdk/pulp-sdk/configs/json/hero-z-7045.json" time="1.296631">
    <success/>
  </testcase>
  <testcase classname=":libgomp.c:task-5" name="hero-z-7045@config_file=/home0/alessandro/workspace_PULP/hero/hero-sdk/pulp-sdk/configs/json/hero-z-7045.json" time="1.278779">
    <success/>
  </testcase>
  <testcase classname=":libgomp.c:task-4" name="hero-z-7045@config_file=/home0/alessandro/workspace_PULP/hero/hero-sdk/pulp-sdk/configs/json/hero-z-7045.json" time="1.308202">
    <success/>
  </testcase>
  <testcase classname=":libgomp.c:task-3" name="hero-z-7045@config_file=/home0/alessandro/workspace_PULP/hero/hero-sdk/pulp-sdk/configs/json/hero-z-7045.json" time="1.264312">
    <success/>
  </testcase>
  <testcase classname=":libgomp.c:task-2" name="hero-z-7045@config_file=/home0/alessandro/workspace_PULP/hero/hero-sdk/pulp-sdk/configs/json/hero-z-7045.json" time="1.331540">
    <success/>
  </testcase>
  <testcase classname=":libgomp.c:task-1" name="hero-z-7045@config_file=/home0/alessandro/workspace_PULP/hero/hero-sdk/pulp-sdk/configs/json/hero-z-7045.json" time="1.251666">
    <success/>
  </testcase>
  <testcase classname=":libgomp.c:target-teams-1" name="hero-z-7045@config_file=/home0/alessandro/workspace_PULP/hero/hero-sdk/pulp-sdk/configs/json/hero-z-7045.json" time="0.324227">
    <failure>
Running: libgomp.c:target-teams-1 / hero-z-7045@config_file=/home0/alessandro/workspace_PULP/hero/hero-sdk/pulp-sdk/configs/json/hero-z-7045.json
Using timeout: 30 seconds
Launching test with command: make clean CSRCS=target-teams-1.c
rm -rf *.o *~ libgomp_testsuite target-teams-1.o  offload.bin offload.so
Reached EOF with exit status 0
Using timeout: 30 seconds
Launching test with command: make all CSRCS=target-teams-1.c
arm-linux-gnueabihf-gcc -O3 -g3 -fopenmp -Wall -I. -I../common -I/home0/alessandro/workspace_PULP/hero/hero-sdk/libhero-target/inc    -c -o target-teams-1.o target-teams-1.c
arm-linux-gnueabihf-gcc -O3 -g3 -fopenmp -Wall -I. -I../common -I/home0/alessandro/workspace_PULP/hero/hero-sdk/libhero-target/inc  target-teams-1.o  -L/home0/alessandro/workspace_PULP/hero/hero-sdk/libhero-target/lib -lhero-target -o libgomp_testsuite
/tmp/ccnxobRH_offload.o: In function `.L8':
&lt;artificial&gt;:(.text.foo._omp_fn.18+0x38): undefined reference to `omp_get_thread_limit'
/tmp/ccnxobRH_offload.o: In function `.L6':
&lt;artificial&gt;:(.text.foo._omp_fn.18+0x50): undefined reference to `omp_get_thread_limit'
/tmp/ccnxobRH_offload.o: In function `.L14':
&lt;artificial&gt;:(.text.foo._omp_fn.15+0x2e): undefined reference to `omp_get_thread_limit'
/tmp/ccnxobRH_offload.o: In function `.L12':
&lt;artificial&gt;:(.text.foo._omp_fn.15+0x48): undefined reference to `omp_get_thread_limit'
/tmp/ccnxobRH_offload.o: In function `.L20':
&lt;artificial&gt;:(.text.foo._omp_fn.13+0x26): undefined reference to `omp_get_thread_limit'
/tmp/ccnxobRH_offload.o:&lt;artificial&gt;:(.text.foo._omp_fn.13+0x40): more undefined references to `omp_get_thread_limit' follow
collect2: error: ld returned 1 exit status
lto-wrapper: fatal error: /home0/alessandro/workspace_PULP/hero/hero-sdk/hero-gcc-toolchain/pkg/hero-gcc-toolchain/libexec/gcc/arm-linux-gnueabihf/7.1.1//accel/riscv32-unknown-elf/mkoffload terminated with signal 11 [Segmentation fault], core dumped
compilation terminated.
/home0/alessandro/workspace_PULP/hero/hero-sdk/hero-gcc-toolchain/pkg/hero-gcc-toolchain/lib/gcc/arm-linux-gnueabihf/7.1.1/../../../../arm-linux-gnueabihf/bin/ld: error: lto-wrapper failed
collect2: error: ld returned 1 exit status
/home0/alessandro/workspace_PULP/hero/hero-sdk/hero-openmp-examples/common/default.mk:36: recipe for target 'libgomp_testsuite' failed
make: *** [libgomp_testsuite] Error 1
Reached EOF with exit status 2
</failure>
  </testcase>
  <testcase classname=":libgomp.c:target-link-1" name="hero-z-7045@config_file=/home0/alessandro/workspace_PULP/hero/hero-sdk/pulp-sdk/configs/json/hero-z-7045.json" time="1.611119">
    <failure>
Running: libgomp.c:target-link-1 / hero-z-7045@config_file=/home0/alessandro/workspace_PULP/hero/hero-sdk/pulp-sdk/configs/json/hero-z-7045.json
Using timeout: 30 seconds
Launching test with command: make clean CSRCS=target-link-1.c
rm -rf *.o *~ libgomp_testsuite target-link-1.o  offload.bin offload.so
Reached EOF with exit status 0
Using timeout: 30 seconds
Launching test with command: make all CSRCS=target-link-1.c
arm-linux-gnueabihf-gcc -O3 -g3 -fopenmp -Wall -I. -I../common -I/home0/alessandro/workspace_PULP/hero/hero-sdk/libhero-target/inc    -c -o target-link-1.o target-link-1.c
arm-linux-gnueabihf-gcc -O3 -g3 -fopenmp -Wall -I. -I../common -I/home0/alessandro/workspace_PULP/hero/hero-sdk/libhero-target/inc  target-link-1.o  -L/home0/alessandro/workspace_PULP/hero/hero-sdk/libhero-target/lib -lhero-target -o libgomp_testsuite
Reached EOF with exit status 0
Using timeout: 30 seconds
Launching test with command: make run CSRCS=target-link-1.c
ssh -t root@zc706.eees './sourceme.sh'
Connection to zc706.eees closed.
ssh -t root@zc706.eees 'rmmod -f pulp'
Connection to zc706.eees closed.
ssh -t root@zc706.eees 'insmod /mnt/storage/drivers/pulp.ko'
Connection to zc706.eees closed.
ssh root@zc706.eees "mkdir -p /mnt/storage/apps"
scp libgomp_testsuite root@zc706.eees:/mnt/storage/apps/.
libgomp_testsuite                               0%    0     0.0KB/s   --:-- ETAlibgomp_testsuite                             100%   57KB  57.0KB/s   00:00    
ssh -t root@zc706.eees 'export LD_LIBRARY_PATH='"'/mnt/storage/libs'"'; cd /mnt/storage/apps; ./libgomp_testsuite '
Starting program execution.

libgomp: Cannot map target functions or variables (expected 7, have 11)
Connection to zc706.eees closed.
/home0/alessandro/workspace_PULP/hero/hero-sdk/hero-openmp-examples/common/default.mk:59: recipe for target 'run' failed
make: *** [run] Error 1
Reached EOF with exit status 2
</failure>
  </testcase>
  <testcase classname=":libgomp.c:target-critical-1" name="hero-z-7045@config_file=/home0/alessandro/workspace_PULP/hero/hero-sdk/pulp-sdk/configs/json/hero-z-7045.json" time="0.239239">
    <failure>
Running: libgomp.c:target-critical-1 / hero-z-7045@config_file=/home0/alessandro/workspace_PULP/hero/hero-sdk/pulp-sdk/configs/json/hero-z-7045.json
Using timeout: 30 seconds
Launching test with command: make clean CSRCS=target-critical-1.c
rm -rf *.o *~ libgomp_testsuite target-critical-1.o  offload.bin offload.so
Reached EOF with exit status 0
Using timeout: 30 seconds
Launching test with command: make all CSRCS=target-critical-1.c
arm-linux-gnueabihf-gcc -O3 -g3 -fopenmp -Wall -I. -I../common -I/home0/alessandro/workspace_PULP/hero/hero-sdk/libhero-target/inc    -c -o target-critical-1.o target-critical-1.c
arm-linux-gnueabihf-gcc -O3 -g3 -fopenmp -Wall -I. -I../common -I/home0/alessandro/workspace_PULP/hero/hero-sdk/libhero-target/inc  target-critical-1.o  -L/home0/alessandro/workspace_PULP/hero/hero-sdk/libhero-target/lib -lhero-target -o libgomp_testsuite
/tmp/ccbL3QZb_offload.o: In function `.L7':
&lt;artificial&gt;:(.text.foo._omp_fn.0+0x56): undefined reference to `GOMP_critical_name_start'
/tmp/ccbL3QZb_offload.o: In function `.L13':
&lt;artificial&gt;:(.text.foo._omp_fn.0+0x7e): undefined reference to `GOMP_critical_name_end'
/tmp/ccbL3QZb_offload.o: In function `.L20':
&lt;artificial&gt;:(.text.main._omp_fn.2+0x54): undefined reference to `GOMP_critical_name_start'
/tmp/ccbL3QZb_offload.o: In function `.L25':
&lt;artificial&gt;:(.text.main._omp_fn.2+0x7c): undefined reference to `GOMP_critical_name_end'
collect2: error: ld returned 1 exit status
lto-wrapper: fatal error: /home0/alessandro/workspace_PULP/hero/hero-sdk/hero-gcc-toolchain/pkg/hero-gcc-toolchain/libexec/gcc/arm-linux-gnueabihf/7.1.1//accel/riscv32-unknown-elf/mkoffload terminated with signal 11 [Segmentation fault], core dumped
compilation terminated.
/home0/alessandro/workspace_PULP/hero/hero-sdk/hero-gcc-toolchain/pkg/hero-gcc-toolchain/lib/gcc/arm-linux-gnueabihf/7.1.1/../../../../arm-linux-gnueabihf/bin/ld: error: lto-wrapper failed
collect2: error: ld returned 1 exit status
/home0/alessandro/workspace_PULP/hero/hero-sdk/hero-openmp-examples/common/default.mk:36: recipe for target 'libgomp_testsuite' failed
make: *** [libgomp_testsuite] Error 1
Reached EOF with exit status 2
</failure>
  </testcase>
  <testcase classname=":libgomp.c:target-9" name="hero-z-7045@config_file=/home0/alessandro/workspace_PULP/hero/hero-sdk/pulp-sdk/configs/json/hero-z-7045.json" time="1.635955">
    <failure>
Running: libgomp.c:target-9 / hero-z-7045@config_file=/home0/alessandro/workspace_PULP/hero/hero-sdk/pulp-sdk/configs/json/hero-z-7045.json
Using timeout: 30 seconds
Launching test with command: make clean CSRCS=target-9.c
rm -rf *.o *~ libgomp_testsuite target-9.o  offload.bin offload.so
Reached EOF with exit status 0
Using timeout: 30 seconds
Launching test with command: make all CSRCS=target-9.c
arm-linux-gnueabihf-gcc -O3 -g3 -fopenmp -Wall -I. -I../common -I/home0/alessandro/workspace_PULP/hero/hero-sdk/libhero-target/inc    -c -o target-9.o target-9.c
arm-linux-gnueabihf-gcc -O3 -g3 -fopenmp -Wall -I. -I../common -I/home0/alessandro/workspace_PULP/hero/hero-sdk/libhero-target/inc  target-9.o  -L/home0/alessandro/workspace_PULP/hero/hero-sdk/libhero-target/lib -lhero-target -o libgomp_testsuite
Reached EOF with exit status 0
Using timeout: 30 seconds
Launching test with command: make run CSRCS=target-9.c
ssh -t root@zc706.eees './sourceme.sh'
Connection to zc706.eees closed.
ssh -t root@zc706.eees 'rmmod -f pulp'
Connection to zc706.eees closed.
ssh -t root@zc706.eees 'insmod /mnt/storage/drivers/pulp.ko'
Connection to zc706.eees closed.
ssh root@zc706.eees "mkdir -p /mnt/storage/apps"
scp libgomp_testsuite root@zc706.eees:/mnt/storage/apps/.
libgomp_testsuite                               0%    0     0.0KB/s   --:-- ETAlibgomp_testsuite                             100%   66KB  66.3KB/s   00:00    
ssh -t root@zc706.eees 'export LD_LIBRARY_PATH='"'/mnt/storage/libs'"'; cd /mnt/storage/apps; ./libgomp_testsuite '
Starting program execution.

libgomp: Cannot map target functions or variables (expected 4, have 6)
Connection to zc706.eees closed.
/home0/alessandro/workspace_PULP/hero/hero-sdk/hero-openmp-examples/common/default.mk:59: recipe for target 'run' failed
make: *** [run] Error 1
Reached EOF with exit status 2
</failure>
  </testcase>
  <testcase classname=":libgomp.c:target-8" name="hero-z-7045@config_file=/home0/alessandro/workspace_PULP/hero/hero-sdk/pulp-sdk/configs/json/hero-z-7045.json" time="30.004475">
    <failure>
Running: libgomp.c:target-8 / hero-z-7045@config_file=/home0/alessandro/workspace_PULP/hero/hero-sdk/pulp-sdk/configs/json/hero-z-7045.json
Using timeout: 30 seconds
Launching test with command: make clean CSRCS=target-8.c
rm -rf *.o *~ libgomp_testsuite target-8.o  offload.bin offload.so
Reached EOF with exit status 0
Using timeout: 30 seconds
Launching test with command: make all CSRCS=target-8.c
arm-linux-gnueabihf-gcc -O3 -g3 -fopenmp -Wall -I. -I../common -I/home0/alessandro/workspace_PULP/hero/hero-sdk/libhero-target/inc    -c -o target-8.o target-8.c
arm-linux-gnueabihf-gcc -O3 -g3 -fopenmp -Wall -I. -I../common -I/home0/alessandro/workspace_PULP/hero/hero-sdk/libhero-target/inc  target-8.o  -L/home0/alessandro/workspace_PULP/hero/hero-sdk/libhero-target/lib -lhero-target -o libgomp_testsuite
Reached EOF with exit status 0
Using timeout: 30 seconds
Launching test with command: make run CSRCS=target-8.c
ssh -t root@zc706.eees './sourceme.sh'
Connection to zc706.eees closed.
ssh -t root@zc706.eees 'rmmod -f pulp'
Connection to zc706.eees closed.
ssh -t root@zc706.eees 'insmod /mnt/storage/drivers/pulp.ko'
Connection to zc706.eees closed.
ssh root@zc706.eees "mkdir -p /mnt/storage/apps"
scp libgomp_testsuite root@zc706.eees:/mnt/storage/apps/.
libgomp_testsuite                               0%    0     0.0KB/s   --:-- ETAlibgomp_testsuite                             100%   54KB  54.0KB/s   00:00    
ssh -t root@zc706.eees 'export LD_LIBRARY_PATH='"'/mnt/storage/libs'"'; cd /mnt/storage/apps; ./libgomp_testsuite '
Starting program execution.
Reached timeout of 30 seconds
Process was killed
</failure>
  </testcase>
  <testcase classname=":libgomp.c:target-7" name="hero-z-7045@config_file=/home0/alessandro/workspace_PULP/hero/hero-sdk/pulp-sdk/configs/json/hero-z-7045.json" time="0.301174">
    <failure>
Running: libgomp.c:target-7 / hero-z-7045@config_file=/home0/alessandro/workspace_PULP/hero/hero-sdk/pulp-sdk/configs/json/hero-z-7045.json
Using timeout: 30 seconds
Launching test with command: make clean CSRCS=target-7.c
rm -rf *.o *~ libgomp_testsuite target-7.o  offload.bin offload.so
Reached EOF with exit status 0
Using timeout: 30 seconds
Launching test with command: make all CSRCS=target-7.c
arm-linux-gnueabihf-gcc -O3 -g3 -fopenmp -Wall -I. -I../common -I/home0/alessandro/workspace_PULP/hero/hero-sdk/libhero-target/inc    -c -o target-7.o target-7.c
arm-linux-gnueabihf-gcc -O3 -g3 -fopenmp -Wall -I. -I../common -I/home0/alessandro/workspace_PULP/hero/hero-sdk/libhero-target/inc  target-7.o  -L/home0/alessandro/workspace_PULP/hero/hero-sdk/libhero-target/lib -lhero-target -o libgomp_testsuite
/tmp/ccx6BcnV_offload.o: In function `foo._omp_fn.16':
&lt;artificial&gt;:(.text.foo._omp_fn.16+0x8): undefined reference to `omp_get_level'
/tmp/ccx6BcnV_offload.o: In function `foo._omp_fn.12':
&lt;artificial&gt;:(.text.foo._omp_fn.12+0x8): undefined reference to `omp_get_level'
/tmp/ccx6BcnV_offload.o: In function `foo._omp_fn.7':
&lt;artificial&gt;:(.text.foo._omp_fn.7+0x4): undefined reference to `omp_get_level'
/tmp/ccx6BcnV_offload.o: In function `foo._omp_fn.3':
&lt;artificial&gt;:(.text.foo._omp_fn.3+0x4): undefined reference to `omp_get_level'
/tmp/ccx6BcnV_offload.o: In function `foo._omp_fn.0':
&lt;artificial&gt;:(.text.foo._omp_fn.0+0x4): undefined reference to `omp_get_level'
/tmp/ccx6BcnV_offload.o:&lt;artificial&gt;:(.text.foo._omp_fn.17+0xc): more undefined references to `omp_get_level' follow
/tmp/ccx6BcnV_offload.o: In function `foo._omp_fn.17':
&lt;artificial&gt;:(.text.foo._omp_fn.17+0x18): undefined reference to `omp_is_initial_device'
/tmp/ccx6BcnV_offload.o: In function `foo._omp_fn.15':
&lt;artificial&gt;:(.text.foo._omp_fn.15+0x8): undefined reference to `omp_get_level'
&lt;artificial&gt;:(.text.foo._omp_fn.15+0x12): undefined reference to `omp_is_initial_device'
/tmp/ccx6BcnV_offload.o: In function `foo._omp_fn.14':
&lt;artificial&gt;:(.text.foo._omp_fn.14+0x8): undefined reference to `omp_get_level'
&lt;artificial&gt;:(.text.foo._omp_fn.14+0x12): undefined reference to `omp_is_initial_device'
/tmp/ccx6BcnV_offload.o: In function `foo._omp_fn.13':
&lt;artificial&gt;:(.text.foo._omp_fn.13+0xc): undefined reference to `omp_get_level'
&lt;artificial&gt;:(.text.foo._omp_fn.13+0x18): undefined reference to `omp_is_initial_device'
/tmp/ccx6BcnV_offload.o: In function `foo._omp_fn.11':
&lt;artificial&gt;:(.text.foo._omp_fn.11+0x8): undefined reference to `omp_get_level'
&lt;artificial&gt;:(.text.foo._omp_fn.11+0x12): undefined reference to `omp_is_initial_device'
/tmp/ccx6BcnV_offload.o: In function `foo._omp_fn.10':
&lt;artificial&gt;:(.text.foo._omp_fn.10+0x8): undefined reference to `omp_get_level'
&lt;artificial&gt;:(.text.foo._omp_fn.10+0x12): undefined reference to `omp_is_initial_device'
/tmp/ccx6BcnV_offload.o: In function `foo._omp_fn.9':
&lt;artificial&gt;:(.text.foo._omp_fn.9+0xc): undefined reference to `omp_get_level'
&lt;artificial&gt;:(.text.foo._omp_fn.9+0x18): undefined reference to `omp_is_initial_device'
/tmp/ccx6BcnV_offload.o: In function `foo._omp_fn.8':
&lt;artificial&gt;:(.text.foo._omp_fn.8+0x8): undefined reference to `omp_get_level'
&lt;artificial&gt;:(.text.foo._omp_fn.8+0x14): undefined reference to `omp_is_initial_device'
/tmp/ccx6BcnV_offload.o: In function `foo._omp_fn.6':
&lt;artificial&gt;:(.text.foo._omp_fn.6+0x4): undefined reference to `omp_get_level'
&lt;artificial&gt;:(.text.foo._omp_fn.6+0xe): undefined reference to `omp_is_initial_device'
/tmp/ccx6BcnV_offload.o: In function `foo._omp_fn.5':
&lt;artificial&gt;:(.text.foo._omp_fn.5+0x4): undefined reference to `omp_get_level'
&lt;artificial&gt;:(.text.foo._omp_fn.5+0xe): undefined reference to `omp_is_initial_device'
/tmp/ccx6BcnV_offload.o: In function `foo._omp_fn.4':
&lt;artificial&gt;:(.text.foo._omp_fn.4+0x8): undefined reference to `omp_get_level'
&lt;artificial&gt;:(.text.foo._omp_fn.4+0x14): undefined reference to `omp_is_initial_device'
/tmp/ccx6BcnV_offload.o: In function `foo._omp_fn.2':
&lt;artificial&gt;:(.text.foo._omp_fn.2+0x4): undefined reference to `omp_get_level'
&lt;artificial&gt;:(.text.foo._omp_fn.2+0xe): undefined reference to `omp_is_initial_device'
/tmp/ccx6BcnV_offload.o: In function `foo._omp_fn.1':
&lt;artificial&gt;:(.text.foo._omp_fn.1+0x4): undefined reference to `omp_get_level'
&lt;artificial&gt;:(.text.foo._omp_fn.1+0xe): undefined reference to `omp_is_initial_device'
collect2: error: ld returned 1 exit status
lto-wrapper: fatal error: /home0/alessandro/workspace_PULP/hero/hero-sdk/hero-gcc-toolchain/pkg/hero-gcc-toolchain/libexec/gcc/arm-linux-gnueabihf/7.1.1//accel/riscv32-unknown-elf/mkoffload terminated with signal 11 [Segmentation fault], core dumped
compilation terminated.
/home0/alessandro/workspace_PULP/hero/hero-sdk/hero-gcc-toolchain/pkg/hero-gcc-toolchain/lib/gcc/arm-linux-gnueabihf/7.1.1/../../../../arm-linux-gnueabihf/bin/ld: error: lto-wrapper failed
collect2: error: ld returned 1 exit status
/home0/alessandro/workspace_PULP/hero/hero-sdk/hero-openmp-examples/common/default.mk:36: recipe for target 'libgomp_testsuite' failed
make: *** [libgomp_testsuite] Error 1
Reached EOF with exit status 2
</failure>
  </testcase>
  <testcase classname=":libgomp.c:target-6" name="hero-z-7045@config_file=/home0/alessandro/workspace_PULP/hero/hero-sdk/pulp-sdk/configs/json/hero-z-7045.json" time="0.214675">
    <failure>
Running: libgomp.c:target-6 / hero-z-7045@config_file=/home0/alessandro/workspace_PULP/hero/hero-sdk/pulp-sdk/configs/json/hero-z-7045.json
Using timeout: 30 seconds
Launching test with command: make clean CSRCS=target-6.c
rm -rf *.o *~ libgomp_testsuite target-6.o  offload.bin offload.so
Reached EOF with exit status 0
Using timeout: 30 seconds
Launching test with command: make all CSRCS=target-6.c
arm-linux-gnueabihf-gcc -O3 -g3 -fopenmp -Wall -I. -I../common -I/home0/alessandro/workspace_PULP/hero/hero-sdk/libhero-target/inc    -c -o target-6.o target-6.c
arm-linux-gnueabihf-gcc -O3 -g3 -fopenmp -Wall -I. -I../common -I/home0/alessandro/workspace_PULP/hero/hero-sdk/libhero-target/inc  target-6.o  -L/home0/alessandro/workspace_PULP/hero/hero-sdk/libhero-target/lib -lhero-target -o libgomp_testsuite
/tmp/cchIbeYj_offload.o: In function `main._omp_fn.5':
&lt;artificial&gt;:(.text.main._omp_fn.5+0xc): undefined reference to `omp_get_level'
&lt;artificial&gt;:(.text.main._omp_fn.5+0x1a): undefined reference to `omp_get_ancestor_thread_num'
&lt;artificial&gt;:(.text.main._omp_fn.5+0x26): undefined reference to `omp_get_ancestor_thread_num'
&lt;artificial&gt;:(.text.main._omp_fn.5+0x3a): undefined reference to `omp_get_ancestor_thread_num'
/tmp/cchIbeYj_offload.o: In function `main._omp_fn.3':
&lt;artificial&gt;:(.text.main._omp_fn.3+0xc): undefined reference to `omp_get_level'
&lt;artificial&gt;:(.text.main._omp_fn.3+0x1a): undefined reference to `omp_get_ancestor_thread_num'
&lt;artificial&gt;:(.text.main._omp_fn.3+0x26): undefined reference to `omp_get_ancestor_thread_num'
&lt;artificial&gt;:(.text.main._omp_fn.3+0x3a): undefined reference to `omp_get_ancestor_thread_num'
/tmp/cchIbeYj_offload.o: In function `main._omp_fn.4':
&lt;artificial&gt;:(.text.main._omp_fn.4+0x10): undefined reference to `omp_get_level'
&lt;artificial&gt;:(.text.main._omp_fn.4+0x1a): undefined reference to `omp_get_ancestor_thread_num'
&lt;artificial&gt;:(.text.main._omp_fn.4+0x26): undefined reference to `omp_get_ancestor_thread_num'
/tmp/cchIbeYj_offload.o: In function `main._omp_fn.2':
&lt;artificial&gt;:(.text.main._omp_fn.2+0xa): undefined reference to `omp_get_level'
&lt;artificial&gt;:(.text.main._omp_fn.2+0x14): undefined reference to `omp_get_ancestor_thread_num'
&lt;artificial&gt;:(.text.main._omp_fn.2+0x20): undefined reference to `omp_get_ancestor_thread_num'
collect2: error: ld returned 1 exit status
lto-wrapper: fatal error: /home0/alessandro/workspace_PULP/hero/hero-sdk/hero-gcc-toolchain/pkg/hero-gcc-toolchain/libexec/gcc/arm-linux-gnueabihf/7.1.1//accel/riscv32-unknown-elf/mkoffload terminated with signal 11 [Segmentation fault], core dumped
compilation terminated.
/home0/alessandro/workspace_PULP/hero/hero-sdk/hero-gcc-toolchain/pkg/hero-gcc-toolchain/lib/gcc/arm-linux-gnueabihf/7.1.1/../../../../arm-linux-gnueabihf/bin/ld: error: lto-wrapper failed
collect2: error: ld returned 1 exit status
/home0/alessandro/workspace_PULP/hero/hero-sdk/hero-openmp-examples/common/default.mk:36: recipe for target 'libgomp_testsuite' failed
make: *** [libgomp_testsuite] Error 1
Reached EOF with exit status 2
</failure>
  </testcase>
  <testcase classname=":libgomp.c:target-5" name="hero-z-7045@config_file=/home0/alessandro/workspace_PULP/hero/hero-sdk/pulp-sdk/configs/json/hero-z-7045.json" time="0.214968">
    <failure>
Running: libgomp.c:target-5 / hero-z-7045@config_file=/home0/alessandro/workspace_PULP/hero/hero-sdk/pulp-sdk/configs/json/hero-z-7045.json
Using timeout: 30 seconds
Launching test with command: make clean CSRCS=target-5.c
rm -rf *.o *~ libgomp_testsuite target-5.o  offload.bin offload.so
Reached EOF with exit status 0
Using timeout: 30 seconds
Launching test with command: make all CSRCS=target-5.c
arm-linux-gnueabihf-gcc -O3 -g3 -fopenmp -Wall -I. -I../common -I/home0/alessandro/workspace_PULP/hero/hero-sdk/libhero-target/inc    -c -o target-5.o target-5.c
arm-linux-gnueabihf-gcc -O3 -g3 -fopenmp -Wall -I. -I../common -I/home0/alessandro/workspace_PULP/hero/hero-sdk/libhero-target/inc  target-5.o  -L/home0/alessandro/workspace_PULP/hero/hero-sdk/libhero-target/lib -lhero-target -o libgomp_testsuite
/tmp/cclgTMHt_offload.o: In function `main._omp_fn.1':
&lt;artificial&gt;:(.text.main._omp_fn.1+0x2a): undefined reference to `omp_get_schedule'
&lt;artificial&gt;:(.text.main._omp_fn.1+0x62): undefined reference to `omp_set_schedule'
&lt;artificial&gt;:(.text.main._omp_fn.1+0x6e): undefined reference to `omp_is_initial_device'
/tmp/cclgTMHt_offload.o: In function `main._omp_fn.0':
&lt;artificial&gt;:(.text.main._omp_fn.0+0x24): undefined reference to `omp_get_schedule'
&lt;artificial&gt;:(.text.main._omp_fn.0+0x56): undefined reference to `omp_set_schedule'
&lt;artificial&gt;:(.text.main._omp_fn.0+0x62): undefined reference to `omp_is_initial_device'
collect2: error: ld returned 1 exit status
lto-wrapper: fatal error: /home0/alessandro/workspace_PULP/hero/hero-sdk/hero-gcc-toolchain/pkg/hero-gcc-toolchain/libexec/gcc/arm-linux-gnueabihf/7.1.1//accel/riscv32-unknown-elf/mkoffload terminated with signal 11 [Segmentation fault], core dumped
compilation terminated.
/home0/alessandro/workspace_PULP/hero/hero-sdk/hero-gcc-toolchain/pkg/hero-gcc-toolchain/lib/gcc/arm-linux-gnueabihf/7.1.1/../../../../arm-linux-gnueabihf/bin/ld: error: lto-wrapper failed
collect2: error: ld returned 1 exit status
/home0/alessandro/workspace_PULP/hero/hero-sdk/hero-openmp-examples/common/default.mk:36: recipe for target 'libgomp_testsuite' failed
make: *** [libgomp_testsuite] Error 1
Reached EOF with exit status 2
</failure>
  </testcase>
  <testcase classname=":libgomp.c:target-4" name="hero-z-7045@config_file=/home0/alessandro/workspace_PULP/hero/hero-sdk/pulp-sdk/configs/json/hero-z-7045.json" time="1.320201">
    <success/>
  </testcase>
  <testcase classname=":libgomp.c:target-3" name="hero-z-7045@config_file=/home0/alessandro/workspace_PULP/hero/hero-sdk/pulp-sdk/configs/json/hero-z-7045.json" time="0.182592">
    <failure>
Running: libgomp.c:target-3 / hero-z-7045@config_file=/home0/alessandro/workspace_PULP/hero/hero-sdk/pulp-sdk/configs/json/hero-z-7045.json
Using timeout: 30 seconds
Launching test with command: make clean CSRCS=target-3.c
rm -rf *.o *~ libgomp_testsuite target-3.o  offload.bin offload.so
Reached EOF with exit status 0
Using timeout: 30 seconds
Launching test with command: make all CSRCS=target-3.c
arm-linux-gnueabihf-gcc -O3 -g3 -fopenmp -Wall -I. -I../common -I/home0/alessandro/workspace_PULP/hero/hero-sdk/libhero-target/inc    -c -o target-3.o target-3.c
arm-linux-gnueabihf-gcc -O3 -g3 -fopenmp -Wall -I. -I../common -I/home0/alessandro/workspace_PULP/hero/hero-sdk/libhero-target/inc  target-3.o  -L/home0/alessandro/workspace_PULP/hero/hero-sdk/libhero-target/lib -lhero-target -o libgomp_testsuite
/tmp/ccZoVhux_offload.o: In function `main._omp_fn.1':
&lt;artificial&gt;:(.text.main._omp_fn.1+0xa): undefined reference to `omp_get_level'
/tmp/ccZoVhux_offload.o: In function `main._omp_fn.0':
&lt;artificial&gt;:(.text.main._omp_fn.0+0x4): undefined reference to `omp_get_level'
collect2: error: ld returned 1 exit status
lto-wrapper: fatal error: /home0/alessandro/workspace_PULP/hero/hero-sdk/hero-gcc-toolchain/pkg/hero-gcc-toolchain/libexec/gcc/arm-linux-gnueabihf/7.1.1//accel/riscv32-unknown-elf/mkoffload terminated with signal 11 [Segmentation fault], core dumped
compilation terminated.
/home0/alessandro/workspace_PULP/hero/hero-sdk/hero-gcc-toolchain/pkg/hero-gcc-toolchain/lib/gcc/arm-linux-gnueabihf/7.1.1/../../../../arm-linux-gnueabihf/bin/ld: error: lto-wrapper failed
collect2: error: ld returned 1 exit status
/home0/alessandro/workspace_PULP/hero/hero-sdk/hero-openmp-examples/common/default.mk:36: recipe for target 'libgomp_testsuite' failed
make: *** [libgomp_testsuite] Error 1
Reached EOF with exit status 2
</failure>
  </testcase>
  <testcase classname=":libgomp.c:target-36" name="hero-z-7045@config_file=/home0/alessandro/workspace_PULP/hero/hero-sdk/pulp-sdk/configs/json/hero-z-7045.json" time="3.594135">
    <success/>
  </testcase>
  <testcase classname=":libgomp.c:target-35" name="hero-z-7045@config_file=/home0/alessandro/workspace_PULP/hero/hero-sdk/pulp-sdk/configs/json/hero-z-7045.json" time="30.005582">
    <failure>
Running: libgomp.c:target-35 / hero-z-7045@config_file=/home0/alessandro/workspace_PULP/hero/hero-sdk/pulp-sdk/configs/json/hero-z-7045.json
Using timeout: 30 seconds
Launching test with command: make clean CSRCS=target-35.c
rm -rf *.o *~ libgomp_testsuite target-35.o  offload.bin offload.so
Reached EOF with exit status 0
Using timeout: 30 seconds
Launching test with command: make all CSRCS=target-35.c
arm-linux-gnueabihf-gcc -O3 -g3 -fopenmp -Wall -I. -I../common -I/home0/alessandro/workspace_PULP/hero/hero-sdk/libhero-target/inc    -c -o target-35.o target-35.c
arm-linux-gnueabihf-gcc -O3 -g3 -fopenmp -Wall -I. -I../common -I/home0/alessandro/workspace_PULP/hero/hero-sdk/libhero-target/inc  target-35.o  -L/home0/alessandro/workspace_PULP/hero/hero-sdk/libhero-target/lib -lhero-target -o libgomp_testsuite
Reached EOF with exit status 0
Using timeout: 30 seconds
Launching test with command: make run CSRCS=target-35.c
ssh -t root@zc706.eees './sourceme.sh'
Connection to zc706.eees closed.
ssh -t root@zc706.eees 'rmmod -f pulp'
Connection to zc706.eees closed.
ssh -t root@zc706.eees 'insmod /mnt/storage/drivers/pulp.ko'
Connection to zc706.eees closed.
ssh root@zc706.eees "mkdir -p /mnt/storage/apps"
scp libgomp_testsuite root@zc706.eees:/mnt/storage/apps/.
libgomp_testsuite                               0%    0     0.0KB/s   --:-- ETAlibgomp_testsuite                             100%   97KB  97.0KB/s   00:00    
ssh -t root@zc706.eees 'export LD_LIBRARY_PATH='"'/mnt/storage/libs'"'; cd /mnt/storage/apps; ./libgomp_testsuite '
Starting program execution.
Reached timeout of 30 seconds
Process was killed
</failure>
  </testcase>
  <testcase classname=":libgomp.c:target-34" name="hero-z-7045@config_file=/home0/alessandro/workspace_PULP/hero/hero-sdk/pulp-sdk/configs/json/hero-z-7045.json" time="3.753459">
    <failure>
Running: libgomp.c:target-34 / hero-z-7045@config_file=/home0/alessandro/workspace_PULP/hero/hero-sdk/pulp-sdk/configs/json/hero-z-7045.json
Using timeout: 30 seconds
Launching test with command: make clean CSRCS=target-34.c
rm -rf *.o *~ libgomp_testsuite target-34.o  offload.bin offload.so
Reached EOF with exit status 0
Using timeout: 30 seconds
Launching test with command: make all CSRCS=target-34.c
arm-linux-gnueabihf-gcc -O3 -g3 -fopenmp -Wall -I. -I../common -I/home0/alessandro/workspace_PULP/hero/hero-sdk/libhero-target/inc    -c -o target-34.o target-34.c
[01m[Ktarget-34.c:[m[K In function '[01m[Kmain[m[K':
[01m[Ktarget-34.c:6:28:[m[K [01;35m[Kwarning: [m[Kunused variable '[01m[Kd[m[K' [[01;35m[K-Wunused-variable[m[K]
   int a = 1, b = 2, c = 4, [01;35m[Kd[m[K[7];
                            [01;35m[K^[m[K
arm-linux-gnueabihf-gcc -O3 -g3 -fopenmp -Wall -I. -I../common -I/home0/alessandro/workspace_PULP/hero/hero-sdk/libhero-target/inc  target-34.o  -L/home0/alessandro/workspace_PULP/hero/hero-sdk/libhero-target/lib -lhero-target -o libgomp_testsuite
Reached EOF with exit status 0
Using timeout: 30 seconds
Launching test with command: make run CSRCS=target-34.c
ssh -t root@zc706.eees './sourceme.sh'
Connection to zc706.eees closed.
ssh -t root@zc706.eees 'rmmod -f pulp'
Connection to zc706.eees closed.
ssh -t root@zc706.eees 'insmod /mnt/storage/drivers/pulp.ko'
Connection to zc706.eees closed.
ssh root@zc706.eees "mkdir -p /mnt/storage/apps"
scp libgomp_testsuite root@zc706.eees:/mnt/storage/apps/.
libgomp_testsuite                               0%    0     0.0KB/s   --:-- ETAlibgomp_testsuite                             100%   71KB  71.1KB/s   00:00    
ssh -t root@zc706.eees 'export LD_LIBRARY_PATH='"'/mnt/storage/libs'"'; cd /mnt/storage/apps; ./libgomp_testsuite '
Starting program execution.

libgomp: Not supported!
Stopping program execution.
Undo the memory mappings.
Close the file descriptor. 
Connection to zc706.eees closed.
/home0/alessandro/workspace_PULP/hero/hero-sdk/hero-openmp-examples/common/default.mk:59: recipe for target 'run' failed
make: *** [run] Error 1
Reached EOF with exit status 2
</failure>
  </testcase>
  <testcase classname=":libgomp.c:target-33" name="hero-z-7045@config_file=/home0/alessandro/workspace_PULP/hero/hero-sdk/pulp-sdk/configs/json/hero-z-7045.json" time="3.547401">
    <failure>
Running: libgomp.c:target-33 / hero-z-7045@config_file=/home0/alessandro/workspace_PULP/hero/hero-sdk/pulp-sdk/configs/json/hero-z-7045.json
Using timeout: 30 seconds
Launching test with command: make clean CSRCS=target-33.c
rm -rf *.o *~ libgomp_testsuite target-33.o  offload.bin offload.so
Reached EOF with exit status 0
Using timeout: 30 seconds
Launching test with command: make all CSRCS=target-33.c
arm-linux-gnueabihf-gcc -O3 -g3 -fopenmp -Wall -I. -I../common -I/home0/alessandro/workspace_PULP/hero/hero-sdk/libhero-target/inc    -c -o target-33.o target-33.c
[01m[Ktarget-33.c:[m[K In function '[01m[Kmain[m[K':
[01m[Ktarget-33.c:6:28:[m[K [01;35m[Kwarning: [m[Kunused variable '[01m[Kd[m[K' [[01;35m[K-Wunused-variable[m[K]
   int a = 1, b = 2, c = 4, [01;35m[Kd[m[K[7];
                            [01;35m[K^[m[K
arm-linux-gnueabihf-gcc -O3 -g3 -fopenmp -Wall -I. -I../common -I/home0/alessandro/workspace_PULP/hero/hero-sdk/libhero-target/inc  target-33.o  -L/home0/alessandro/workspace_PULP/hero/hero-sdk/libhero-target/lib -lhero-target -o libgomp_testsuite
Reached EOF with exit status 0
Using timeout: 30 seconds
Launching test with command: make run CSRCS=target-33.c
ssh -t root@zc706.eees './sourceme.sh'
Connection to zc706.eees closed.
ssh -t root@zc706.eees 'rmmod -f pulp'
Connection to zc706.eees closed.
ssh -t root@zc706.eees 'insmod /mnt/storage/drivers/pulp.ko'
Connection to zc706.eees closed.
ssh root@zc706.eees "mkdir -p /mnt/storage/apps"
scp libgomp_testsuite root@zc706.eees:/mnt/storage/apps/.
libgomp_testsuite                               0%    0     0.0KB/s   --:-- ETAlibgomp_testsuite                             100%   68KB  68.1KB/s   00:00    
ssh -t root@zc706.eees 'export LD_LIBRARY_PATH='"'/mnt/storage/libs'"'; cd /mnt/storage/apps; ./libgomp_testsuite '
Starting program execution.

libgomp: Not supported!
Stopping program execution.
Undo the memory mappings.
Close the file descriptor. 
Connection to zc706.eees closed.
/home0/alessandro/workspace_PULP/hero/hero-sdk/hero-openmp-examples/common/default.mk:59: recipe for target 'run' failed
make: *** [run] Error 1
Reached EOF with exit status 2
</failure>
  </testcase>
  <testcase classname=":libgomp.c:target-32" name="hero-z-7045@config_file=/home0/alessandro/workspace_PULP/hero/hero-sdk/pulp-sdk/configs/json/hero-z-7045.json" time="0.210134">
    <failure>
Running: libgomp.c:target-32 / hero-z-7045@config_file=/home0/alessandro/workspace_PULP/hero/hero-sdk/pulp-sdk/configs/json/hero-z-7045.json
Using timeout: 30 seconds
Launching test with command: make clean CSRCS=target-32.c
rm -rf *.o *~ libgomp_testsuite target-32.o  offload.bin offload.so
Reached EOF with exit status 0
Using timeout: 30 seconds
Launching test with command: make all CSRCS=target-32.c
arm-linux-gnueabihf-gcc -O3 -g3 -fopenmp -Wall -I. -I../common -I/home0/alessandro/workspace_PULP/hero/hero-sdk/libhero-target/inc    -c -o target-32.o target-32.c
[01m[Ktarget-32.c:[m[K In function '[01m[Kmain[m[K':
[01m[Ktarget-32.c:6:28:[m[K [01;35m[Kwarning: [m[Kunused variable '[01m[Kd[m[K' [[01;35m[K-Wunused-variable[m[K]
   int a = 0, b = 0, c = 0, [01;35m[Kd[m[K[7];
                            [01;35m[K^[m[K
arm-linux-gnueabihf-gcc -O3 -g3 -fopenmp -Wall -I. -I../common -I/home0/alessandro/workspace_PULP/hero/hero-sdk/libhero-target/inc  target-32.o  -L/home0/alessandro/workspace_PULP/hero/hero-sdk/libhero-target/lib -lhero-target -o libgomp_testsuite
/tmp/ccQdYDTl_offload.o: In function `main._omp_fn.6':
&lt;artificial&gt;:(.text.main._omp_fn.6+0xc): undefined reference to `usleep'
/tmp/ccQdYDTl_offload.o: In function `main._omp_fn.5':
&lt;artificial&gt;:(.text.main._omp_fn.5+0xe): undefined reference to `usleep'
/tmp/ccQdYDTl_offload.o: In function `main._omp_fn.4':
&lt;artificial&gt;:(.text.main._omp_fn.4+0xe): undefined reference to `usleep'
/tmp/ccQdYDTl_offload.o: In function `main._omp_fn.3':
&lt;artificial&gt;:(.text.main._omp_fn.3+0xc): undefined reference to `usleep'
collect2: error: ld returned 1 exit status
lto-wrapper: fatal error: /home0/alessandro/workspace_PULP/hero/hero-sdk/hero-gcc-toolchain/pkg/hero-gcc-toolchain/libexec/gcc/arm-linux-gnueabihf/7.1.1//accel/riscv32-unknown-elf/mkoffload terminated with signal 11 [Segmentation fault], core dumped
compilation terminated.
/home0/alessandro/workspace_PULP/hero/hero-sdk/hero-gcc-toolchain/pkg/hero-gcc-toolchain/lib/gcc/arm-linux-gnueabihf/7.1.1/../../../../arm-linux-gnueabihf/bin/ld: error: lto-wrapper failed
collect2: error: ld returned 1 exit status
/home0/alessandro/workspace_PULP/hero/hero-sdk/hero-openmp-examples/common/default.mk:36: recipe for target 'libgomp_testsuite' failed
make: *** [libgomp_testsuite] Error 1
Reached EOF with exit status 2
</failure>
  </testcase>
  <testcase classname=":libgomp.c:target-31" name="hero-z-7045@config_file=/home0/alessandro/workspace_PULP/hero/hero-sdk/pulp-sdk/configs/json/hero-z-7045.json" time="30.002928">
    <failure>
Running: libgomp.c:target-31 / hero-z-7045@config_file=/home0/alessandro/workspace_PULP/hero/hero-sdk/pulp-sdk/configs/json/hero-z-7045.json
Using timeout: 30 seconds
Launching test with command: make clean CSRCS=target-31.c
rm -rf *.o *~ libgomp_testsuite target-31.o  offload.bin offload.so
Reached EOF with exit status 0
Using timeout: 30 seconds
Launching test with command: make all CSRCS=target-31.c
arm-linux-gnueabihf-gcc -O3 -g3 -fopenmp -Wall -I. -I../common -I/home0/alessandro/workspace_PULP/hero/hero-sdk/libhero-target/inc    -c -o target-31.o target-31.c
arm-linux-gnueabihf-gcc -O3 -g3 -fopenmp -Wall -I. -I../common -I/home0/alessandro/workspace_PULP/hero/hero-sdk/libhero-target/inc  target-31.o  -L/home0/alessandro/workspace_PULP/hero/hero-sdk/libhero-target/lib -lhero-target -o libgomp_testsuite
Reached EOF with exit status 0
Using timeout: 30 seconds
Launching test with command: make run CSRCS=target-31.c
ssh -t root@zc706.eees './sourceme.sh'
Connection to zc706.eees closed.
ssh -t root@zc706.eees 'rmmod -f pulp'
Connection to zc706.eees closed.
ssh -t root@zc706.eees 'insmod /mnt/storage/drivers/pulp.ko'
Connection to zc706.eees closed.
ssh root@zc706.eees "mkdir -p /mnt/storage/apps"
scp libgomp_testsuite root@zc706.eees:/mnt/storage/apps/.
libgomp_testsuite                               0%    0     0.0KB/s   --:-- ETAlibgomp_testsuite                             100%   99KB  98.7KB/s   00:00    
ssh -t root@zc706.eees 'export LD_LIBRARY_PATH='"'/mnt/storage/libs'"'; cd /mnt/storage/apps; ./libgomp_testsuite '
Starting program execution.
Reached timeout of 30 seconds
Process was killed
</failure>
  </testcase>
  <testcase classname=":libgomp.c:target-30" name="hero-z-7045@config_file=/home0/alessandro/workspace_PULP/hero/hero-sdk/pulp-sdk/configs/json/hero-z-7045.json" time="1.603657">
    <failure>
Running: libgomp.c:target-30 / hero-z-7045@config_file=/home0/alessandro/workspace_PULP/hero/hero-sdk/pulp-sdk/configs/json/hero-z-7045.json
Using timeout: 30 seconds
Launching test with command: make clean CSRCS=target-30.c
rm -rf *.o *~ libgomp_testsuite target-30.o  offload.bin offload.so
Reached EOF with exit status 0
Using timeout: 30 seconds
Launching test with command: make all CSRCS=target-30.c
arm-linux-gnueabihf-gcc -O3 -g3 -fopenmp -Wall -I. -I../common -I/home0/alessandro/workspace_PULP/hero/hero-sdk/libhero-target/inc    -c -o target-30.o target-30.c
arm-linux-gnueabihf-gcc -O3 -g3 -fopenmp -Wall -I. -I../common -I/home0/alessandro/workspace_PULP/hero/hero-sdk/libhero-target/inc  target-30.o  -L/home0/alessandro/workspace_PULP/hero/hero-sdk/libhero-target/lib -lhero-target -o libgomp_testsuite
Reached EOF with exit status 0
Using timeout: 30 seconds
Launching test with command: make run CSRCS=target-30.c
ssh -t root@zc706.eees './sourceme.sh'
Connection to zc706.eees closed.
ssh -t root@zc706.eees 'rmmod -f pulp'
Connection to zc706.eees closed.
ssh -t root@zc706.eees 'insmod /mnt/storage/drivers/pulp.ko'
Connection to zc706.eees closed.
ssh root@zc706.eees "mkdir -p /mnt/storage/apps"
scp libgomp_testsuite root@zc706.eees:/mnt/storage/apps/.
libgomp_testsuite                               0%    0     0.0KB/s   --:-- ETAlibgomp_testsuite                             100%   49KB  48.7KB/s   00:00    
ssh -t root@zc706.eees 'export LD_LIBRARY_PATH='"'/mnt/storage/libs'"'; cd /mnt/storage/apps; ./libgomp_testsuite '
Starting program execution.

libgomp: Cannot map target functions or variables (expected 3, have 4)
Connection to zc706.eees closed.
/home0/alessandro/workspace_PULP/hero/hero-sdk/hero-openmp-examples/common/default.mk:59: recipe for target 'run' failed
make: *** [run] Error 1
Reached EOF with exit status 2
</failure>
  </testcase>
  <testcase classname=":libgomp.c:target-2" name="hero-z-7045@config_file=/home0/alessandro/workspace_PULP/hero/hero-sdk/pulp-sdk/configs/json/hero-z-7045.json" time="1.621968">
    <failure>
Running: libgomp.c:target-2 / hero-z-7045@config_file=/home0/alessandro/workspace_PULP/hero/hero-sdk/pulp-sdk/configs/json/hero-z-7045.json
Using timeout: 30 seconds
Launching test with command: make clean CSRCS=target-2.c
rm -rf *.o *~ libgomp_testsuite target-2.o  offload.bin offload.so
Reached EOF with exit status 0
Using timeout: 30 seconds
Launching test with command: make all CSRCS=target-2.c
arm-linux-gnueabihf-gcc -O3 -g3 -fopenmp -Wall -I. -I../common -I/home0/alessandro/workspace_PULP/hero/hero-sdk/libhero-target/inc    -c -o target-2.o target-2.c
arm-linux-gnueabihf-gcc -O3 -g3 -fopenmp -Wall -I. -I../common -I/home0/alessandro/workspace_PULP/hero/hero-sdk/libhero-target/inc  target-2.o  -L/home0/alessandro/workspace_PULP/hero/hero-sdk/libhero-target/lib -lhero-target -o libgomp_testsuite
Reached EOF with exit status 0
Using timeout: 30 seconds
Launching test with command: make run CSRCS=target-2.c
ssh -t root@zc706.eees './sourceme.sh'
Connection to zc706.eees closed.
ssh -t root@zc706.eees 'rmmod -f pulp'
Connection to zc706.eees closed.
ssh -t root@zc706.eees 'insmod /mnt/storage/drivers/pulp.ko'
Connection to zc706.eees closed.
ssh root@zc706.eees "mkdir -p /mnt/storage/apps"
scp libgomp_testsuite root@zc706.eees:/mnt/storage/apps/.
libgomp_testsuite                               0%    0     0.0KB/s   --:-- ETAlibgomp_testsuite                             100%   82KB  81.8KB/s   00:00    
ssh -t root@zc706.eees 'export LD_LIBRARY_PATH='"'/mnt/storage/libs'"'; cd /mnt/storage/apps; ./libgomp_testsuite '
Starting program execution.
Aborted
Connection to zc706.eees closed.
/home0/alessandro/workspace_PULP/hero/hero-sdk/hero-openmp-examples/common/default.mk:59: recipe for target 'run' failed
make: *** [run] Error 134
Reached EOF with exit status 2
</failure>
  </testcase>
  <testcase classname=":libgomp.c:target-29" name="hero-z-7045@config_file=/home0/alessandro/workspace_PULP/hero/hero-sdk/pulp-sdk/configs/json/hero-z-7045.json" time="3.618298">
    <success/>
  </testcase>
  <testcase classname=":libgomp.c:target-28" name="hero-z-7045@config_file=/home0/alessandro/workspace_PULP/hero/hero-sdk/pulp-sdk/configs/json/hero-z-7045.json" time="1.512745">
    <failure>
Running: libgomp.c:target-28 / hero-z-7045@config_file=/home0/alessandro/workspace_PULP/hero/hero-sdk/pulp-sdk/configs/json/hero-z-7045.json
Using timeout: 30 seconds
Launching test with command: make clean CSRCS=target-28.c
rm -rf *.o *~ libgomp_testsuite target-28.o  offload.bin offload.so
Reached EOF with exit status 0
Using timeout: 30 seconds
Launching test with command: make all CSRCS=target-28.c
arm-linux-gnueabihf-gcc -O3 -g3 -fopenmp -Wall -I. -I../common -I/home0/alessandro/workspace_PULP/hero/hero-sdk/libhero-target/inc    -c -o target-28.o target-28.c
arm-linux-gnueabihf-gcc -O3 -g3 -fopenmp -Wall -I. -I../common -I/home0/alessandro/workspace_PULP/hero/hero-sdk/libhero-target/inc  target-28.o  -L/home0/alessandro/workspace_PULP/hero/hero-sdk/libhero-target/lib -lhero-target -o libgomp_testsuite
Reached EOF with exit status 0
Using timeout: 30 seconds
Launching test with command: make run CSRCS=target-28.c
ssh -t root@zc706.eees './sourceme.sh'
Connection to zc706.eees closed.
ssh -t root@zc706.eees 'rmmod -f pulp'
Connection to zc706.eees closed.
ssh -t root@zc706.eees 'insmod /mnt/storage/drivers/pulp.ko'
Connection to zc706.eees closed.
ssh root@zc706.eees "mkdir -p /mnt/storage/apps"
scp libgomp_testsuite root@zc706.eees:/mnt/storage/apps/.
libgomp_testsuite                               0%    0     0.0KB/s   --:-- ETAlibgomp_testsuite                             100%   50KB  49.8KB/s   00:00    
ssh -t root@zc706.eees 'export LD_LIBRARY_PATH='"'/mnt/storage/libs'"'; cd /mnt/storage/apps; ./libgomp_testsuite '
Starting program execution.

libgomp: Cannot map target functions or variables (expected 4, have 7)
Connection to zc706.eees closed.
/home0/alessandro/workspace_PULP/hero/hero-sdk/hero-openmp-examples/common/default.mk:59: recipe for target 'run' failed
make: *** [run] Error 1
Reached EOF with exit status 2
</failure>
  </testcase>
  <testcase classname=":libgomp.c:target-27" name="hero-z-7045@config_file=/home0/alessandro/workspace_PULP/hero/hero-sdk/pulp-sdk/configs/json/hero-z-7045.json" time="3.614182">
    <success/>
  </testcase>
  <testcase classname=":libgomp.c:target-26" name="hero-z-7045@config_file=/home0/alessandro/workspace_PULP/hero/hero-sdk/pulp-sdk/configs/json/hero-z-7045.json" time="1.514142">
    <failure>
Running: libgomp.c:target-26 / hero-z-7045@config_file=/home0/alessandro/workspace_PULP/hero/hero-sdk/pulp-sdk/configs/json/hero-z-7045.json
Using timeout: 30 seconds
Launching test with command: make clean CSRCS=target-26.c
rm -rf *.o *~ libgomp_testsuite target-26.o  offload.bin offload.so
Reached EOF with exit status 0
Using timeout: 30 seconds
Launching test with command: make all CSRCS=target-26.c
arm-linux-gnueabihf-gcc -O3 -g3 -fopenmp -Wall -I. -I../common -I/home0/alessandro/workspace_PULP/hero/hero-sdk/libhero-target/inc    -c -o target-26.o target-26.c
arm-linux-gnueabihf-gcc -O3 -g3 -fopenmp -Wall -I. -I../common -I/home0/alessandro/workspace_PULP/hero/hero-sdk/libhero-target/inc  target-26.o  -L/home0/alessandro/workspace_PULP/hero/hero-sdk/libhero-target/lib -lhero-target -o libgomp_testsuite
Reached EOF with exit status 0
Using timeout: 30 seconds
Launching test with command: make run CSRCS=target-26.c
ssh -t root@zc706.eees './sourceme.sh'
Connection to zc706.eees closed.
ssh -t root@zc706.eees 'rmmod -f pulp'
Connection to zc706.eees closed.
ssh -t root@zc706.eees 'insmod /mnt/storage/drivers/pulp.ko'
Connection to zc706.eees closed.
ssh root@zc706.eees "mkdir -p /mnt/storage/apps"
scp libgomp_testsuite root@zc706.eees:/mnt/storage/apps/.
libgomp_testsuite                               0%    0     0.0KB/s   --:-- ETAlibgomp_testsuite                             100%   53KB  52.6KB/s   00:00    
ssh -t root@zc706.eees 'export LD_LIBRARY_PATH='"'/mnt/storage/libs'"'; cd /mnt/storage/apps; ./libgomp_testsuite '
Starting program execution.

libgomp: Cannot map target functions or variables (expected 5, have 7)
Connection to zc706.eees closed.
/home0/alessandro/workspace_PULP/hero/hero-sdk/hero-openmp-examples/common/default.mk:59: recipe for target 'run' failed
make: *** [run] Error 1
Reached EOF with exit status 2
</failure>
  </testcase>
  <testcase classname=":libgomp.c:target-25" name="hero-z-7045@config_file=/home0/alessandro/workspace_PULP/hero/hero-sdk/pulp-sdk/configs/json/hero-z-7045.json" time="3.602689">
    <success/>
  </testcase>
  <testcase classname=":libgomp.c:target-24" name="hero-z-7045@config_file=/home0/alessandro/workspace_PULP/hero/hero-sdk/pulp-sdk/configs/json/hero-z-7045.json" time="3.497349">
    <success/>
  </testcase>
  <testcase classname=":libgomp.c:target-23" name="hero-z-7045@config_file=/home0/alessandro/workspace_PULP/hero/hero-sdk/pulp-sdk/configs/json/hero-z-7045.json" time="3.524471">
    <success/>
  </testcase>
  <testcase classname=":libgomp.c:target-22" name="hero-z-7045@config_file=/home0/alessandro/workspace_PULP/hero/hero-sdk/pulp-sdk/configs/json/hero-z-7045.json" time="3.518606">
    <success/>
  </testcase>
  <testcase classname=":libgomp.c:target-21" name="hero-z-7045@config_file=/home0/alessandro/workspace_PULP/hero/hero-sdk/pulp-sdk/configs/json/hero-z-7045.json" time="3.561627">
    <success/>
  </testcase>
  <testcase classname=":libgomp.c:target-20" name="hero-z-7045@config_file=/home0/alessandro/workspace_PULP/hero/hero-sdk/pulp-sdk/configs/json/hero-z-7045.json" time="1.552367">
    <failure>
Running: libgomp.c:target-20 / hero-z-7045@config_file=/home0/alessandro/workspace_PULP/hero/hero-sdk/pulp-sdk/configs/json/hero-z-7045.json
Using timeout: 30 seconds
Launching test with command: make clean CSRCS=target-20.c
rm -rf *.o *~ libgomp_testsuite target-20.o  offload.bin offload.so
Reached EOF with exit status 0
Using timeout: 30 seconds
Launching test with command: make all CSRCS=target-20.c
arm-linux-gnueabihf-gcc -O3 -g3 -fopenmp -Wall -I. -I../common -I/home0/alessandro/workspace_PULP/hero/hero-sdk/libhero-target/inc    -c -o target-20.o target-20.c
arm-linux-gnueabihf-gcc -O3 -g3 -fopenmp -Wall -I. -I../common -I/home0/alessandro/workspace_PULP/hero/hero-sdk/libhero-target/inc  target-20.o  -L/home0/alessandro/workspace_PULP/hero/hero-sdk/libhero-target/lib -lhero-target -o libgomp_testsuite
Reached EOF with exit status 0
Using timeout: 30 seconds
Launching test with command: make run CSRCS=target-20.c
ssh -t root@zc706.eees './sourceme.sh'
Connection to zc706.eees closed.
ssh -t root@zc706.eees 'rmmod -f pulp'
Connection to zc706.eees closed.
ssh -t root@zc706.eees 'insmod /mnt/storage/drivers/pulp.ko'
Connection to zc706.eees closed.
ssh root@zc706.eees "mkdir -p /mnt/storage/apps"
scp libgomp_testsuite root@zc706.eees:/mnt/storage/apps/.
libgomp_testsuite                               0%    0     0.0KB/s   --:-- ETAlibgomp_testsuite                             100%   78KB  78.3KB/s   00:00    
ssh -t root@zc706.eees 'export LD_LIBRARY_PATH='"'/mnt/storage/libs'"'; cd /mnt/storage/apps; ./libgomp_testsuite '
Starting program execution.

libgomp: Cannot map target functions or variables (expected 4, have 5)
Connection to zc706.eees closed.
/home0/alessandro/workspace_PULP/hero/hero-sdk/hero-openmp-examples/common/default.mk:59: recipe for target 'run' failed
make: *** [run] Error 1
Reached EOF with exit status 2
</failure>
  </testcase>
  <testcase classname=":libgomp.c:target-1" name="hero-z-7045@config_file=/home0/alessandro/workspace_PULP/hero/hero-sdk/pulp-sdk/configs/json/hero-z-7045.json" time="1.707890">
    <failure>
Running: libgomp.c:target-1 / hero-z-7045@config_file=/home0/alessandro/workspace_PULP/hero/hero-sdk/pulp-sdk/configs/json/hero-z-7045.json
Using timeout: 30 seconds
Launching test with command: make clean CSRCS=target-1.c
rm -rf *.o *~ libgomp_testsuite target-1.o  offload.bin offload.so
Reached EOF with exit status 0
Using timeout: 30 seconds
Launching test with command: make all CSRCS=target-1.c
arm-linux-gnueabihf-gcc -O3 -g3 -fopenmp -Wall -I. -I../common -I/home0/alessandro/workspace_PULP/hero/hero-sdk/libhero-target/inc    -c -o target-1.o target-1.c
arm-linux-gnueabihf-gcc -O3 -g3 -fopenmp -Wall -I. -I../common -I/home0/alessandro/workspace_PULP/hero/hero-sdk/libhero-target/inc  target-1.o  -L/home0/alessandro/workspace_PULP/hero/hero-sdk/libhero-target/lib -lhero-target -o libgomp_testsuite
Reached EOF with exit status 0
Using timeout: 30 seconds
Launching test with command: make run CSRCS=target-1.c
ssh -t root@zc706.eees './sourceme.sh'
Connection to zc706.eees closed.
ssh -t root@zc706.eees 'rmmod -f pulp'
Connection to zc706.eees closed.
ssh -t root@zc706.eees 'insmod /mnt/storage/drivers/pulp.ko'
Connection to zc706.eees closed.
ssh root@zc706.eees "mkdir -p /mnt/storage/apps"
scp libgomp_testsuite root@zc706.eees:/mnt/storage/apps/.
libgomp_testsuite                               0%    0     0.0KB/s   --:-- ETAlibgomp_testsuite                             100%   77KB  76.5KB/s   00:00    
ssh -t root@zc706.eees 'export LD_LIBRARY_PATH='"'/mnt/storage/libs'"'; cd /mnt/storage/apps; ./libgomp_testsuite '
Starting program execution.

libgomp: Cannot map target functions or variables (expected 4, have 5)
Connection to zc706.eees closed.
/home0/alessandro/workspace_PULP/hero/hero-sdk/hero-openmp-examples/common/default.mk:59: recipe for target 'run' failed
make: *** [run] Error 1
Reached EOF with exit status 2
</failure>
  </testcase>
  <testcase classname=":libgomp.c:target-19" name="hero-z-7045@config_file=/home0/alessandro/workspace_PULP/hero/hero-sdk/pulp-sdk/configs/json/hero-z-7045.json" time="3.751272">
    <success/>
  </testcase>
  <testcase classname=":libgomp.c:target-18" name="hero-z-7045@config_file=/home0/alessandro/workspace_PULP/hero/hero-sdk/pulp-sdk/configs/json/hero-z-7045.json" time="3.507971">
    <success/>
  </testcase>
  <testcase classname=":libgomp.c:target-17" name="hero-z-7045@config_file=/home0/alessandro/workspace_PULP/hero/hero-sdk/pulp-sdk/configs/json/hero-z-7045.json" time="3.522995">
    <success/>
  </testcase>
  <testcase classname=":libgomp.c:target-16" name="hero-z-7045@config_file=/home0/alessandro/workspace_PULP/hero/hero-sdk/pulp-sdk/configs/json/hero-z-7045.json" time="3.539272">
    <success/>
  </testcase>
  <testcase classname=":libgomp.c:target-15" name="hero-z-7045@config_file=/home0/alessandro/workspace_PULP/hero/hero-sdk/pulp-sdk/configs/json/hero-z-7045.json" time="3.560761">
    <success/>
  </testcase>
  <testcase classname=":libgomp.c:target-14" name="hero-z-7045@config_file=/home0/alessandro/workspace_PULP/hero/hero-sdk/pulp-sdk/configs/json/hero-z-7045.json" time="1.422534">
    <failure>
Running: libgomp.c:target-14 / hero-z-7045@config_file=/home0/alessandro/workspace_PULP/hero/hero-sdk/pulp-sdk/configs/json/hero-z-7045.json
Using timeout: 30 seconds
Launching test with command: make clean CSRCS=target-14.c
rm -rf *.o *~ libgomp_testsuite target-14.o  offload.bin offload.so
Reached EOF with exit status 0
Using timeout: 30 seconds
Launching test with command: make all CSRCS=target-14.c
arm-linux-gnueabihf-gcc -O3 -g3 -fopenmp -Wall -I. -I../common -I/home0/alessandro/workspace_PULP/hero/hero-sdk/libhero-target/inc    -c -o target-14.o target-14.c
arm-linux-gnueabihf-gcc -O3 -g3 -fopenmp -Wall -I. -I../common -I/home0/alessandro/workspace_PULP/hero/hero-sdk/libhero-target/inc  target-14.o  -L/home0/alessandro/workspace_PULP/hero/hero-sdk/libhero-target/lib -lhero-target -o libgomp_testsuite
Reached EOF with exit status 0
Using timeout: 30 seconds
Launching test with command: make run CSRCS=target-14.c
ssh -t root@zc706.eees './sourceme.sh'
Connection to zc706.eees closed.
ssh -t root@zc706.eees 'rmmod -f pulp'
Connection to zc706.eees closed.
ssh -t root@zc706.eees 'insmod /mnt/storage/drivers/pulp.ko'
Connection to zc706.eees closed.
ssh root@zc706.eees "mkdir -p /mnt/storage/apps"
scp libgomp_testsuite root@zc706.eees:/mnt/storage/apps/.
libgomp_testsuite                               0%    0     0.0KB/s   --:-- ETAlibgomp_testsuite                             100%   68KB  68.0KB/s   00:00    
ssh -t root@zc706.eees 'export LD_LIBRARY_PATH='"'/mnt/storage/libs'"'; cd /mnt/storage/apps; ./libgomp_testsuite '
Starting program execution.
Aborted
Connection to zc706.eees closed.
/home0/alessandro/workspace_PULP/hero/hero-sdk/hero-openmp-examples/common/default.mk:59: recipe for target 'run' failed
make: *** [run] Error 134
Reached EOF with exit status 2
</failure>
  </testcase>
  <testcase classname=":libgomp.c:target-13" name="hero-z-7045@config_file=/home0/alessandro/workspace_PULP/hero/hero-sdk/pulp-sdk/configs/json/hero-z-7045.json" time="3.539120">
    <success/>
  </testcase>
  <testcase classname=":libgomp.c:target-12" name="hero-z-7045@config_file=/home0/alessandro/workspace_PULP/hero/hero-sdk/pulp-sdk/configs/json/hero-z-7045.json" time="3.612023">
    <success/>
  </testcase>
  <testcase classname=":libgomp.c:target-11" name="hero-z-7045@config_file=/home0/alessandro/workspace_PULP/hero/hero-sdk/pulp-sdk/configs/json/hero-z-7045.json" time="1.421531">
    <failure>
Running: libgomp.c:target-11 / hero-z-7045@config_file=/home0/alessandro/workspace_PULP/hero/hero-sdk/pulp-sdk/configs/json/hero-z-7045.json
Using timeout: 30 seconds
Launching test with command: make clean CSRCS=target-11.c
rm -rf *.o *~ libgomp_testsuite target-11.o  offload.bin offload.so
Reached EOF with exit status 0
Using timeout: 30 seconds
Launching test with command: make all CSRCS=target-11.c
arm-linux-gnueabihf-gcc -O3 -g3 -fopenmp -Wall -I. -I../common -I/home0/alessandro/workspace_PULP/hero/hero-sdk/libhero-target/inc    -c -o target-11.o target-11.c
arm-linux-gnueabihf-gcc -O3 -g3 -fopenmp -Wall -I. -I../common -I/home0/alessandro/workspace_PULP/hero/hero-sdk/libhero-target/inc  target-11.o  -L/home0/alessandro/workspace_PULP/hero/hero-sdk/libhero-target/lib -lhero-target -o libgomp_testsuite
Reached EOF with exit status 0
Using timeout: 30 seconds
Launching test with command: make run CSRCS=target-11.c
ssh -t root@zc706.eees './sourceme.sh'
Connection to zc706.eees closed.
ssh -t root@zc706.eees 'rmmod -f pulp'
Connection to zc706.eees closed.
ssh -t root@zc706.eees 'insmod /mnt/storage/drivers/pulp.ko'
Connection to zc706.eees closed.
ssh root@zc706.eees "mkdir -p /mnt/storage/apps"
scp libgomp_testsuite root@zc706.eees:/mnt/storage/apps/.
libgomp_testsuite                               0%    0     0.0KB/s   --:-- ETAlibgomp_testsuite                             100%   79KB  79.1KB/s   00:00    
ssh -t root@zc706.eees 'export LD_LIBRARY_PATH='"'/mnt/storage/libs'"'; cd /mnt/storage/apps; ./libgomp_testsuite '
Starting program execution.
libgomp_testsuite: target-11.c:51: main: Assertion `ok' failed.
Aborted
Connection to zc706.eees closed.
/home0/alessandro/workspace_PULP/hero/hero-sdk/hero-openmp-examples/common/default.mk:59: recipe for target 'run' failed
make: *** [run] Error 134
Reached EOF with exit status 2
</failure>
  </testcase>
  <testcase classname=":libgomp.c:target-10" name="hero-z-7045@config_file=/home0/alessandro/workspace_PULP/hero/hero-sdk/pulp-sdk/configs/json/hero-z-7045.json" time="1.490245">
    <failure>
Running: libgomp.c:target-10 / hero-z-7045@config_file=/home0/alessandro/workspace_PULP/hero/hero-sdk/pulp-sdk/configs/json/hero-z-7045.json
Using timeout: 30 seconds
Launching test with command: make clean CSRCS=target-10.c
rm -rf *.o *~ libgomp_testsuite target-10.o  offload.bin offload.so
Reached EOF with exit status 0
Using timeout: 30 seconds
Launching test with command: make all CSRCS=target-10.c
arm-linux-gnueabihf-gcc -O3 -g3 -fopenmp -Wall -I. -I../common -I/home0/alessandro/workspace_PULP/hero/hero-sdk/libhero-target/inc    -c -o target-10.o target-10.c
arm-linux-gnueabihf-gcc -O3 -g3 -fopenmp -Wall -I. -I../common -I/home0/alessandro/workspace_PULP/hero/hero-sdk/libhero-target/inc  target-10.o  -L/home0/alessandro/workspace_PULP/hero/hero-sdk/libhero-target/lib -lhero-target -o libgomp_testsuite
Reached EOF with exit status 0
Using timeout: 30 seconds
Launching test with command: make run CSRCS=target-10.c
ssh -t root@zc706.eees './sourceme.sh'
Connection to zc706.eees closed.
ssh -t root@zc706.eees 'rmmod -f pulp'
Connection to zc706.eees closed.
ssh -t root@zc706.eees 'insmod /mnt/storage/drivers/pulp.ko'
Connection to zc706.eees closed.
ssh root@zc706.eees "mkdir -p /mnt/storage/apps"
scp libgomp_testsuite root@zc706.eees:/mnt/storage/apps/.
libgomp_testsuite                               0%    0     0.0KB/s   --:-- ETAlibgomp_testsuite                             100%   46KB  45.7KB/s   00:00    
ssh -t root@zc706.eees 'export LD_LIBRARY_PATH='"'/mnt/storage/libs'"'; cd /mnt/storage/apps; ./libgomp_testsuite '
Starting program execution.

libgomp: Cannot map target functions or variables (expected 1, have 2)
Connection to zc706.eees closed.
/home0/alessandro/workspace_PULP/hero/hero-sdk/hero-openmp-examples/common/default.mk:59: recipe for target 'run' failed
make: *** [run] Error 1
Reached EOF with exit status 2
</failure>
  </testcase>
  <testcase classname=":libgomp.c:static-chunk-size-one" name="hero-z-7045@config_file=/home0/alessandro/workspace_PULP/hero/hero-sdk/pulp-sdk/configs/json/hero-z-7045.json" time="1.242557">
    <success/>
  </testcase>
  <testcase classname=":libgomp.c:sort-1" name="hero-z-7045@config_file=/home0/alessandro/workspace_PULP/hero/hero-sdk/pulp-sdk/configs/json/hero-z-7045.json" time="2.440436">
    <success/>
  </testcase>
  <testcase classname=":libgomp.c:single-2" name="hero-z-7045@config_file=/home0/alessandro/workspace_PULP/hero/hero-sdk/pulp-sdk/configs/json/hero-z-7045.json" time="1.278315">
    <success/>
  </testcase>
  <testcase classname=":libgomp.c:single-1" name="hero-z-7045@config_file=/home0/alessandro/workspace_PULP/hero/hero-sdk/pulp-sdk/configs/json/hero-z-7045.json" time="0.045479">
    <failure>
Running: libgomp.c:single-1 / hero-z-7045@config_file=/home0/alessandro/workspace_PULP/hero/hero-sdk/pulp-sdk/configs/json/hero-z-7045.json
Using timeout: 30 seconds
Launching test with command: make clean CSRCS=single-1.c
rm -rf *.o *~ libgomp_testsuite single-1.o  offload.bin offload.so
Reached EOF with exit status 0
Using timeout: 30 seconds
Launching test with command: make all CSRCS=single-1.c
arm-linux-gnueabihf-gcc -O3 -g3 -fopenmp -Wall -I. -I../common -I/home0/alessandro/workspace_PULP/hero/hero-sdk/libhero-target/inc    -c -o single-1.o single-1.c
[01m[Ksingle-1.c:9:10:[m[K [01;31m[Kfatal error: [m[Klibgomp_g.h: No such file or directory
 #include [01;31m[K"libgomp_g.h"[m[K
          [01;31m[K^~~~~~~~~~~~~[m[K
compilation terminated.
&lt;builtin&gt;: recipe for target 'single-1.o' failed
make: *** [single-1.o] Error 1
Reached EOF with exit status 2
</failure>
  </testcase>
  <testcase classname=":libgomp.c:simd-9" name="hero-z-7045@config_file=/home0/alessandro/workspace_PULP/hero/hero-sdk/pulp-sdk/configs/json/hero-z-7045.json" time="1.278612">
    <success/>
  </testcase>
  <testcase classname=":libgomp.c:simd-8" name="hero-z-7045@config_file=/home0/alessandro/workspace_PULP/hero/hero-sdk/pulp-sdk/configs/json/hero-z-7045.json" time="1.251464">
    <success/>
  </testcase>
  <testcase classname=":libgomp.c:simd-7" name="hero-z-7045@config_file=/home0/alessandro/workspace_PULP/hero/hero-sdk/pulp-sdk/configs/json/hero-z-7045.json" time="1.375796">
    <success/>
  </testcase>
  <testcase classname=":libgomp.c:simd-6" name="hero-z-7045@config_file=/home0/alessandro/workspace_PULP/hero/hero-sdk/pulp-sdk/configs/json/hero-z-7045.json" time="1.308142">
    <success/>
  </testcase>
  <testcase classname=":libgomp.c:simd-5" name="hero-z-7045@config_file=/home0/alessandro/workspace_PULP/hero/hero-sdk/pulp-sdk/configs/json/hero-z-7045.json" time="1.267274">
    <success/>
  </testcase>
  <testcase classname=":libgomp.c:simd-4" name="hero-z-7045@config_file=/home0/alessandro/workspace_PULP/hero/hero-sdk/pulp-sdk/configs/json/hero-z-7045.json" time="1.271909">
    <success/>
  </testcase>
  <testcase classname=":libgomp.c:simd-3" name="hero-z-7045@config_file=/home0/alessandro/workspace_PULP/hero/hero-sdk/pulp-sdk/configs/json/hero-z-7045.json" time="1.420072">
    <success/>
  </testcase>
  <testcase classname=":libgomp.c:simd-2" name="hero-z-7045@config_file=/home0/alessandro/workspace_PULP/hero/hero-sdk/pulp-sdk/configs/json/hero-z-7045.json" time="1.287684">
    <success/>
  </testcase>
  <testcase classname=":libgomp.c:simd-1" name="hero-z-7045@config_file=/home0/alessandro/workspace_PULP/hero/hero-sdk/pulp-sdk/configs/json/hero-z-7045.json" time="1.283684">
    <success/>
  </testcase>
  <testcase classname=":libgomp.c:simd-17" name="hero-z-7045@config_file=/home0/alessandro/workspace_PULP/hero/hero-sdk/pulp-sdk/configs/json/hero-z-7045.json" time="1.312298">
    <success/>
  </testcase>
  <testcase classname=":libgomp.c:simd-16" name="hero-z-7045@config_file=/home0/alessandro/workspace_PULP/hero/hero-sdk/pulp-sdk/configs/json/hero-z-7045.json" time="1.375399">
    <success/>
  </testcase>
  <testcase classname=":libgomp.c:simd-15" name="hero-z-7045@config_file=/home0/alessandro/workspace_PULP/hero/hero-sdk/pulp-sdk/configs/json/hero-z-7045.json" time="1.443995">
    <success/>
  </testcase>
  <testcase classname=":libgomp.c:simd-14" name="hero-z-7045@config_file=/home0/alessandro/workspace_PULP/hero/hero-sdk/pulp-sdk/configs/json/hero-z-7045.json" time="1.443631">
    <success/>
  </testcase>
  <testcase classname=":libgomp.c:simd-13" name="hero-z-7045@config_file=/home0/alessandro/workspace_PULP/hero/hero-sdk/pulp-sdk/configs/json/hero-z-7045.json" time="1.263654">
    <success/>
  </testcase>
  <testcase classname=":libgomp.c:simd-12" name="hero-z-7045@config_file=/home0/alessandro/workspace_PULP/hero/hero-sdk/pulp-sdk/configs/json/hero-z-7045.json" time="1.259985">
    <success/>
  </testcase>
  <testcase classname=":libgomp.c:simd-11" name="hero-z-7045@config_file=/home0/alessandro/workspace_PULP/hero/hero-sdk/pulp-sdk/configs/json/hero-z-7045.json" time="1.283483">
    <success/>
  </testcase>
  <testcase classname=":libgomp.c:simd-10" name="hero-z-7045@config_file=/home0/alessandro/workspace_PULP/hero/hero-sdk/pulp-sdk/configs/json/hero-z-7045.json" time="1.323759">
    <success/>
  </testcase>
  <testcase classname=":libgomp.c:shared-3" name="hero-z-7045@config_file=/home0/alessandro/workspace_PULP/hero/hero-sdk/pulp-sdk/configs/json/hero-z-7045.json" time="1.267824">
    <success/>
  </testcase>
  <testcase classname=":libgomp.c:shared-2" name="hero-z-7045@config_file=/home0/alessandro/workspace_PULP/hero/hero-sdk/pulp-sdk/configs/json/hero-z-7045.json" time="1.260315">
    <success/>
  </testcase>
  <testcase classname=":libgomp.c:shared-1" name="hero-z-7045@config_file=/home0/alessandro/workspace_PULP/hero/hero-sdk/pulp-sdk/configs/json/hero-z-7045.json" time="1.283791">
    <success/>
  </testcase>
  <testcase classname=":libgomp.c:sections-2" name="hero-z-7045@config_file=/home0/alessandro/workspace_PULP/hero/hero-sdk/pulp-sdk/configs/json/hero-z-7045.json" time="5.259920">
    <success/>
  </testcase>
  <testcase classname=":libgomp.c:sections-1" name="hero-z-7045@config_file=/home0/alessandro/workspace_PULP/hero/hero-sdk/pulp-sdk/configs/json/hero-z-7045.json" time="0.035507">
    <failure>
Running: libgomp.c:sections-1 / hero-z-7045@config_file=/home0/alessandro/workspace_PULP/hero/hero-sdk/pulp-sdk/configs/json/hero-z-7045.json
Using timeout: 30 seconds
Launching test with command: make clean CSRCS=sections-1.c
rm -rf *.o *~ libgomp_testsuite sections-1.o  offload.bin offload.so
Reached EOF with exit status 0
Using timeout: 30 seconds
Launching test with command: make all CSRCS=sections-1.c
arm-linux-gnueabihf-gcc -O3 -g3 -fopenmp -Wall -I. -I../common -I/home0/alessandro/workspace_PULP/hero/hero-sdk/libhero-target/inc    -c -o sections-1.o sections-1.c
[01m[Ksections-1.c:8:10:[m[K [01;31m[Kfatal error: [m[Klibgomp_g.h: No such file or directory
 #include [01;31m[K"libgomp_g.h"[m[K
          [01;31m[K^~~~~~~~~~~~~[m[K
compilation terminated.
&lt;builtin&gt;: recipe for target 'sections-1.o' failed
make: *** [sections-1.o] Error 1
Reached EOF with exit status 2
</failure>
  </testcase>
  <testcase classname=":libgomp.c:reduction-9" name="hero-z-7045@config_file=/home0/alessandro/workspace_PULP/hero/hero-sdk/pulp-sdk/configs/json/hero-z-7045.json" time="1.407732">
    <success/>
  </testcase>
  <testcase classname=":libgomp.c:reduction-8" name="hero-z-7045@config_file=/home0/alessandro/workspace_PULP/hero/hero-sdk/pulp-sdk/configs/json/hero-z-7045.json" time="1.339753">
    <success/>
  </testcase>
  <testcase classname=":libgomp.c:reduction-7" name="hero-z-7045@config_file=/home0/alessandro/workspace_PULP/hero/hero-sdk/pulp-sdk/configs/json/hero-z-7045.json" time="1.303745">
    <success/>
  </testcase>
  <testcase classname=":libgomp.c:reduction-6" name="hero-z-7045@config_file=/home0/alessandro/workspace_PULP/hero/hero-sdk/pulp-sdk/configs/json/hero-z-7045.json" time="1.311679">
    <success/>
  </testcase>
  <testcase classname=":libgomp.c:reduction-5" name="hero-z-7045@config_file=/home0/alessandro/workspace_PULP/hero/hero-sdk/pulp-sdk/configs/json/hero-z-7045.json" time="1.251939">
    <success/>
  </testcase>
  <testcase classname=":libgomp.c:reduction-4" name="hero-z-7045@config_file=/home0/alessandro/workspace_PULP/hero/hero-sdk/pulp-sdk/configs/json/hero-z-7045.json" time="1.271905">
    <success/>
  </testcase>
  <testcase classname=":libgomp.c:reduction-3" name="hero-z-7045@config_file=/home0/alessandro/workspace_PULP/hero/hero-sdk/pulp-sdk/configs/json/hero-z-7045.json" time="1.299839">
    <success/>
  </testcase>
  <testcase classname=":libgomp.c:reduction-2" name="hero-z-7045@config_file=/home0/alessandro/workspace_PULP/hero/hero-sdk/pulp-sdk/configs/json/hero-z-7045.json" time="1.279532">
    <success/>
  </testcase>
  <testcase classname=":libgomp.c:reduction-1" name="hero-z-7045@config_file=/home0/alessandro/workspace_PULP/hero/hero-sdk/pulp-sdk/configs/json/hero-z-7045.json" time="1.283797">
    <success/>
  </testcase>
  <testcase classname=":libgomp.c:reduction-15" name="hero-z-7045@config_file=/home0/alessandro/workspace_PULP/hero/hero-sdk/pulp-sdk/configs/json/hero-z-7045.json" time="1.307753">
    <success/>
  </testcase>
  <testcase classname=":libgomp.c:reduction-14" name="hero-z-7045@config_file=/home0/alessandro/workspace_PULP/hero/hero-sdk/pulp-sdk/configs/json/hero-z-7045.json" time="1.471574">
    <success/>
  </testcase>
  <testcase classname=":libgomp.c:reduction-13" name="hero-z-7045@config_file=/home0/alessandro/workspace_PULP/hero/hero-sdk/pulp-sdk/configs/json/hero-z-7045.json" time="1.464043">
    <success/>
  </testcase>
  <testcase classname=":libgomp.c:reduction-12" name="hero-z-7045@config_file=/home0/alessandro/workspace_PULP/hero/hero-sdk/pulp-sdk/configs/json/hero-z-7045.json" time="1.347610">
    <success/>
  </testcase>
  <testcase classname=":libgomp.c:reduction-11" name="hero-z-7045@config_file=/home0/alessandro/workspace_PULP/hero/hero-sdk/pulp-sdk/configs/json/hero-z-7045.json" time="1.331922">
    <success/>
  </testcase>
  <testcase classname=":libgomp.c:reduction-10" name="hero-z-7045@config_file=/home0/alessandro/workspace_PULP/hero/hero-sdk/pulp-sdk/configs/json/hero-z-7045.json" time="1.447776">
    <success/>
  </testcase>
  <testcase classname=":libgomp.c:private-1" name="hero-z-7045@config_file=/home0/alessandro/workspace_PULP/hero/hero-sdk/pulp-sdk/configs/json/hero-z-7045.json" time="1.287742">
    <success/>
  </testcase>
  <testcase classname=":libgomp.c:priority" name="hero-z-7045@config_file=/home0/alessandro/workspace_PULP/hero/hero-sdk/pulp-sdk/configs/json/hero-z-7045.json" time="1.279692">
    <success/>
  </testcase>
  <testcase classname=":libgomp.c:pr80394" name="hero-z-7045@config_file=/home0/alessandro/workspace_PULP/hero/hero-sdk/pulp-sdk/configs/json/hero-z-7045.json" time="1.296031">
    <success/>
  </testcase>
  <testcase classname=":libgomp.c:pr79940" name="hero-z-7045@config_file=/home0/alessandro/workspace_PULP/hero/hero-sdk/pulp-sdk/configs/json/hero-z-7045.json" time="1.320666">
    <success/>
  </testcase>
  <testcase classname=":libgomp.c:pr70680-2" name="hero-z-7045@config_file=/home0/alessandro/workspace_PULP/hero/hero-sdk/pulp-sdk/configs/json/hero-z-7045.json" time="1.318669">
    <success/>
  </testcase>
  <testcase classname=":libgomp.c:pr70680-1" name="hero-z-7045@config_file=/home0/alessandro/workspace_PULP/hero/hero-sdk/pulp-sdk/configs/json/hero-z-7045.json" time="1.267623">
    <success/>
  </testcase>
  <testcase classname=":libgomp.c:pr69805" name="hero-z-7045@config_file=/home0/alessandro/workspace_PULP/hero/hero-sdk/pulp-sdk/configs/json/hero-z-7045.json" time="1.255825">
    <success/>
  </testcase>
  <testcase classname=":libgomp.c:pr69110" name="hero-z-7045@config_file=/home0/alessandro/workspace_PULP/hero/hero-sdk/pulp-sdk/configs/json/hero-z-7045.json" time="1.251696">
    <success/>
  </testcase>
  <testcase classname=":libgomp.c:pr68960" name="hero-z-7045@config_file=/home0/alessandro/workspace_PULP/hero/hero-sdk/pulp-sdk/configs/json/hero-z-7045.json" time="1.268031">
    <success/>
  </testcase>
  <testcase classname=":libgomp.c:pr66714" name="hero-z-7045@config_file=/home0/alessandro/workspace_PULP/hero/hero-sdk/pulp-sdk/configs/json/hero-z-7045.json" time="0.135203">
    <failure>
Running: libgomp.c:pr66714 / hero-z-7045@config_file=/home0/alessandro/workspace_PULP/hero/hero-sdk/pulp-sdk/configs/json/hero-z-7045.json
Using timeout: 30 seconds
Launching test with command: make clean CSRCS=pr66714.c
rm -rf *.o *~ libgomp_testsuite pr66714.o  offload.bin offload.so
Reached EOF with exit status 0
Using timeout: 30 seconds
Launching test with command: make all CSRCS=pr66714.c
arm-linux-gnueabihf-gcc -O3 -g3 -fopenmp -Wall -I. -I../common -I/home0/alessandro/workspace_PULP/hero/hero-sdk/libhero-target/inc    -c -o pr66714.o pr66714.c
arm-linux-gnueabihf-gcc -O3 -g3 -fopenmp -Wall -I. -I../common -I/home0/alessandro/workspace_PULP/hero/hero-sdk/libhero-target/inc  pr66714.o  -L/home0/alessandro/workspace_PULP/hero/hero-sdk/libhero-target/lib -lhero-target -o libgomp_testsuite
[...]
 -rw-r--r--  1 alessandro testing   226 Dec 10 17:23 target-[01;31m[K4.c[m[K
                                                            [01;31m[K^~~[m[K
[01m[Kfiles.c:281:60:[m[K [01;31m[Kerror: [m[Kinvalid suffix "c" on floating constant
 -rw-r--r--  1 alessandro testing  1893 Dec 10 17:23 target-[01;31m[K5.c[m[K
                                                            [01;31m[K^~~[m[K
[01m[Kfiles.c:282:60:[m[K [01;31m[Kerror: [m[Kinvalid suffix "c" on floating constant
 -rw-r--r--  1 alessandro testing  1693 Dec 10 17:23 target-[01;31m[K6.c[m[K
                                                            [01;31m[K^~~[m[K
[01m[Kfiles.c:283:60:[m[K [01;31m[Kerror: [m[Kinvalid suffix "c" on floating constant
 -rw-r--r--  1 alessandro testing  3340 Dec 10 17:23 target-[01;31m[K7.c[m[K
                                                            [01;31m[K^~~[m[K
[01m[Kfiles.c:284:60:[m[K [01;31m[Kerror: [m[Kinvalid suffix "c" on floating constant
 -rw-r--r--  1 alessandro testing   381 Dec 10 17:23 target-[01;31m[K8.c[m[K
                                                            [01;31m[K^~~[m[K
[01m[Kfiles.c:285:60:[m[K [01;31m[Kerror: [m[Kinvalid suffix "c" on floating constant
 -rw-r--r--  1 alessandro testing   485 Dec 10 17:23 target-[01;31m[K9.c[m[K
                                                            [01;31m[K^~~[m[K
[01m[Kfiles.c:286:69:[m[K [01;31m[Kerror: [m[Kinvalid suffix "c" on floating constant
 -rw-r--r--  1 alessandro testing  1079 Dec 10 17:23 target-critical-[01;31m[K1.c[m[K
                                                                     [01;31m[K^~~[m[K
[01m[Kfiles.c:287:65:[m[K [01;31m[Kerror: [m[Kinvalid suffix "c" on floating constant
 -rw-r--r--  1 alessandro testing  1172 Dec 10 17:23 target-link-[01;31m[K1.c[m[K
                                                                 [01;31m[K^~~[m[K
[01m[Kfiles.c:288:66:[m[K [01;31m[Kerror: [m[Kinvalid suffix "c" on floating constant
 -rw-r--r--  1 alessandro testing  4947 Dec 10 17:23 target-teams-[01;31m[K1.c[m[K
                                                                  [01;31m[K^~~[m[K
[01m[Kfiles.c:289:58:[m[K [01;31m[Kerror: [m[Kinvalid suffix "c" on floating constant
 -rw-r--r--  1 alessandro testing  1410 Dec 10 17:23 task-[01;31m[K1.c[m[K
                                                          [01;31m[K^~~[m[K
[01m[Kfiles.c:290:58:[m[K [01;31m[Kerror: [m[Kinvalid suffix "c" on floating constant
 -rw-r--r--  1 alessandro testing   628 Dec 10 17:23 task-[01;31m[K2.c[m[K
                                                          [01;31m[K^~~[m[K
[01m[Kfiles.c:291:58:[m[K [01;31m[Kerror: [m[Kinvalid suffix "c" on floating constant
 -rw-r--r--  1 alessandro testing  1002 Dec 10 17:23 task-[01;31m[K3.c[m[K
                                                          [01;31m[K^~~[m[K
[01m[Kfiles.c:292:58:[m[K [01;31m[Kerror: [m[Kinvalid suffix "c" on floating constant
 -rw-r--r--  1 alessandro testing   660 Dec 10 17:23 task-[01;31m[K4.c[m[K
                                                          [01;31m[K^~~[m[K
[01m[Kfiles.c:293:58:[m[K [01;31m[Kerror: [m[Kinvalid suffix "c" on floating constant
 -rw-r--r--  1 alessandro testing   772 Dec 10 17:23 task-[01;31m[K5.c[m[K
                                                          [01;31m[K^~~[m[K
[01m[Kfiles.c:294:63:[m[K [01;31m[Kerror: [m[Kinvalid suffix "c" on floating constant
 -rw-r--r--  1 alessandro testing  1432 Dec 10 17:23 taskgroup-[01;31m[K1.c[m[K
                                                               [01;31m[K^~~[m[K
[01m[Kfiles.c:295:62:[m[K [01;31m[Kerror: [m[Kinvalid suffix "c" on floating constant
 -rw-r--r--  1 alessandro testing   737 Dec 10 17:23 taskloop-[01;31m[K1.c[m[K
                                                              [01;31m[K^~~[m[K
[01m[Kfiles.c:296:62:[m[K [01;31m[Kerror: [m[Kinvalid suffix "c" on floating constant
 -rw-r--r--  1 alessandro testing  2987 Dec 10 17:23 taskloop-[01;31m[K2.c[m[K
                                                              [01;31m[K^~~[m[K
[01m[Kfiles.c:297:62:[m[K [01;31m[Kerror: [m[Kinvalid suffix "c" on floating constant
 -rw-r--r--  1 alessandro testing  1624 Dec 10 17:23 taskloop-[01;31m[K3.c[m[K
                                                              [01;31m[K^~~[m[K
[01m[Kfiles.c:298:62:[m[K [01;31m[Kerror: [m[Kinvalid suffix "c" on floating constant
 -rw-r--r--  1 alessandro testing  2270 Dec 10 17:23 taskloop-[01;31m[K4.c[m[K
                                                              [01;31m[K^~~[m[K
[01m[Kfiles.c:299:66:[m[K [01;31m[Kerror: [m[Kinvalid suffix "c" on floating constant
 -rw-r--r--  1 alessandro testing   888 Dec 10 17:23 thread-limit-[01;31m[K1.c[m[K
                                                                  [01;31m[K^~~[m[K
[01m[Kfiles.c:300:66:[m[K [01;31m[Kerror: [m[Kinvalid suffix "c" on floating constant
 -rw-r--r--  1 alessandro testing  1239 Dec 10 17:23 thread-limit-[01;31m[K2.c[m[K
                                                                  [01;31m[K^~~[m[K
[01m[Kfiles.c:301:66:[m[K [01;31m[Kerror: [m[Kinvalid suffix "c" on floating constant
 -rw-r--r--  1 alessandro testing   181 Dec 10 17:23 thread-limit-[01;31m[K3.c[m[K
                                                                  [01;31m[K^~~[m[K
[01m[Kfiles.c:302:57:[m[K [01;31m[Kerror: [m[Kinvalid suffix "c" on floating constant
 -rw-r--r--  1 alessandro testing  1729 Dec 10 17:23 udr-[01;31m[K1.c[m[K
                                                         [01;31m[K^~~[m[K
[01m[Kfiles.c:303:57:[m[K [01;31m[Kerror: [m[Kinvalid suffix "c" on floating constant
 -rw-r--r--  1 alessandro testing   577 Dec 10 17:23 udr-[01;31m[K2.c[m[K
                                                         [01;31m[K^~~[m[K
[01m[Kfiles.c:304:57:[m[K [01;31m[Kerror: [m[Kinvalid suffix "c" on floating constant
 -rw-r--r--  1 alessandro testing   443 Dec 10 17:23 udr-[01;31m[K3.c[m[K
                                                         [01;31m[K^~~[m[K
[01m[Kfiles.c:305:63:[m[K [01;31m[Kerror: [m[Kinvalid suffix "c" on floating constant
 -rw-r--r--  1 alessandro testing   520 Dec 10 17:23 uns-outer-[01;31m[K4.c[m[K
                                                               [01;31m[K^~~[m[K
[01m[Kfiles.c:306:57:[m[K [01;31m[Kerror: [m[Kinvalid suffix "c" on floating constant
 -rw-r--r--  1 alessandro testing  1239 Dec 10 17:23 vla-[01;31m[K1.c[m[K
                                                         [01;31m[K^~~[m[K
&lt;builtin&gt;: recipe for target 'files.o' failed
make: *** [files.o] Error 1
Reached EOF with exit status 2
</failure>
  </testcase>
  <testcase classname=":libgomp.c:doacross-3" name="hero-z-7045@config_file=/home0/alessandro/workspace_PULP/hero/hero-sdk/pulp-sdk/configs/json/hero-z-7045.json" time="1.478318">
    <success/>
  </testcase>
  <testcase classname=":libgomp.c:doacross-2" name="hero-z-7045@config_file=/home0/alessandro/workspace_PULP/hero/hero-sdk/pulp-sdk/configs/json/hero-z-7045.json" time="1.567575">
    <success/>
  </testcase>
  <testcase classname=":libgomp.c:doacross-1" name="hero-z-7045@config_file=/home0/alessandro/workspace_PULP/hero/hero-sdk/pulp-sdk/configs/json/hero-z-7045.json" time="1.435612">
    <success/>
  </testcase>
  <testcase classname=":libgomp.c:depend-9" name="hero-z-7045@config_file=/home0/alessandro/workspace_PULP/hero/hero-sdk/pulp-sdk/configs/json/hero-z-7045.json" time="1.305211">
    <success/>
  </testcase>
  <testcase classname=":libgomp.c:depend-8" name="hero-z-7045@config_file=/home0/alessandro/workspace_PULP/hero/hero-sdk/pulp-sdk/configs/json/hero-z-7045.json" time="1.294835">
    <success/>
  </testcase>
  <testcase classname=":libgomp.c:depend-7" name="hero-z-7045@config_file=/home0/alessandro/workspace_PULP/hero/hero-sdk/pulp-sdk/configs/json/hero-z-7045.json" time="2.348074">
    <success/>
  </testcase>
  <testcase classname=":libgomp.c:depend-6" name="hero-z-7045@config_file=/home0/alessandro/workspace_PULP/hero/hero-sdk/pulp-sdk/configs/json/hero-z-7045.json" time="1.386270">
    <success/>
  </testcase>
  <testcase classname=":libgomp.c:depend-5" name="hero-z-7045@config_file=/home0/alessandro/workspace_PULP/hero/hero-sdk/pulp-sdk/configs/json/hero-z-7045.json" time="1.307562">
    <success/>
  </testcase>
  <testcase classname=":libgomp.c:depend-4" name="hero-z-7045@config_file=/home0/alessandro/workspace_PULP/hero/hero-sdk/pulp-sdk/configs/json/hero-z-7045.json" time="1.293741">
    <success/>
  </testcase>
  <testcase classname=":libgomp.c:depend-3" name="hero-z-7045@config_file=/home0/alessandro/workspace_PULP/hero/hero-sdk/pulp-sdk/configs/json/hero-z-7045.json" time="1.302957">
    <success/>
  </testcase>
  <testcase classname=":libgomp.c:depend-2" name="hero-z-7045@config_file=/home0/alessandro/workspace_PULP/hero/hero-sdk/pulp-sdk/configs/json/hero-z-7045.json" time="2.359683">
    <success/>
  </testcase>
  <testcase classname=":libgomp.c:depend-1" name="hero-z-7045@config_file=/home0/alessandro/workspace_PULP/hero/hero-sdk/pulp-sdk/configs/json/hero-z-7045.json" time="1.342587">
    <success/>
  </testcase>
  <testcase classname=":libgomp.c:depend-10" name="hero-z-7045@config_file=/home0/alessandro/workspace_PULP/hero/hero-sdk/pulp-sdk/configs/json/hero-z-7045.json" time="1.315726">
    <success/>
  </testcase>
  <testcase classname=":libgomp.c:debug-1" name="hero-z-7045@config_file=/home0/alessandro/workspace_PULP/hero/hero-sdk/pulp-sdk/configs/json/hero-z-7045.json" time="1.331929">
    <success/>
  </testcase>
  <testcase classname=":libgomp.c:critical-2" name="hero-z-7045@config_file=/home0/alessandro/workspace_PULP/hero/hero-sdk/pulp-sdk/configs/json/hero-z-7045.json" time="1.335415">
    <success/>
  </testcase>
  <testcase classname=":libgomp.c:critical-1" name="hero-z-7045@config_file=/home0/alessandro/workspace_PULP/hero/hero-sdk/pulp-sdk/configs/json/hero-z-7045.json" time="0.036469">
    <failure>
Running: libgomp.c:critical-1 / hero-z-7045@config_file=/home0/alessandro/workspace_PULP/hero/hero-sdk/pulp-sdk/configs/json/hero-z-7045.json
Using timeout: 30 seconds
Launching test with command: make clean CSRCS=critical-1.c
rm -rf *.o *~ libgomp_testsuite critical-1.o  offload.bin offload.so
Reached EOF with exit status 0
Using timeout: 30 seconds
Launching test with command: make all CSRCS=critical-1.c
arm-linux-gnueabihf-gcc -O3 -g3 -fopenmp -Wall -I. -I../common -I/home0/alessandro/workspace_PULP/hero/hero-sdk/libhero-target/inc    -c -o critical-1.o critical-1.c
[01m[Kcritical-1.c:9:10:[m[K [01;31m[Kfatal error: [m[Klibgomp_g.h: No such file or directory
 #include [01;31m[K"libgomp_g.h"[m[K
          [01;31m[K^~~~~~~~~~~~~[m[K
compilation terminated.
&lt;builtin&gt;: recipe for target 'critical-1.o' failed
make: *** [critical-1.o] Error 1
Reached EOF with exit status 2
</failure>
  </testcase>
  <testcase classname=":libgomp.c:copyin-3" name="hero-z-7045@config_file=/home0/alessandro/workspace_PULP/hero/hero-sdk/pulp-sdk/configs/json/hero-z-7045.json" time="1.315790">
    <success/>
  </testcase>
  <testcase classname=":libgomp.c:copyin-2" name="hero-z-7045@config_file=/home0/alessandro/workspace_PULP/hero/hero-sdk/pulp-sdk/configs/json/hero-z-7045.json" time="1.271748">
    <success/>
  </testcase>
  <testcase classname=":libgomp.c:copyin-1" name="hero-z-7045@config_file=/home0/alessandro/workspace_PULP/hero/hero-sdk/pulp-sdk/configs/json/hero-z-7045.json" time="1.267951">
    <success/>
  </testcase>
  <testcase classname=":libgomp.c:collapse-3" name="hero-z-7045@config_file=/home0/alessandro/workspace_PULP/hero/hero-sdk/pulp-sdk/configs/json/hero-z-7045.json" time="1.343120">
    <success/>
  </testcase>
  <testcase classname=":libgomp.c:collapse-2" name="hero-z-7045@config_file=/home0/alessandro/workspace_PULP/hero/hero-sdk/pulp-sdk/configs/json/hero-z-7045.json" time="1.360423">
    <success/>
  </testcase>
  <testcase classname=":libgomp.c:collapse-1" name="hero-z-7045@config_file=/home0/alessandro/workspace_PULP/hero/hero-sdk/pulp-sdk/configs/json/hero-z-7045.json" time="1.295147">
    <success/>
  </testcase>
  <testcase classname=":libgomp.c:cancel-taskgroup-2" name="hero-z-7045@config_file=/home0/alessandro/workspace_PULP/hero/hero-sdk/pulp-sdk/configs/json/hero-z-7045.json" time="1.338618">
    <success/>
  </testcase>
  <testcase classname=":libgomp.c:cancel-taskgroup-1" name="hero-z-7045@config_file=/home0/alessandro/workspace_PULP/hero/hero-sdk/pulp-sdk/configs/json/hero-z-7045.json" time="7.673951">
    <success/>
  </testcase>
  <testcase classname=":libgomp.c:cancel-sections-1" name="hero-z-7045@config_file=/home0/alessandro/workspace_PULP/hero/hero-sdk/pulp-sdk/configs/json/hero-z-7045.json" time="1.278675">
    <success/>
  </testcase>
  <testcase classname=":libgomp.c:cancel-parallel-3" name="hero-z-7045@config_file=/home0/alessandro/workspace_PULP/hero/hero-sdk/pulp-sdk/configs/json/hero-z-7045.json" time="3.265621">
    <success/>
  </testcase>
  <testcase classname=":libgomp.c:cancel-parallel-2" name="hero-z-7045@config_file=/home0/alessandro/workspace_PULP/hero/hero-sdk/pulp-sdk/configs/json/hero-z-7045.json" time="1.365971">
    <success/>
  </testcase>
  <testcase classname=":libgomp.c:cancel-parallel-1" name="hero-z-7045@config_file=/home0/alessandro/workspace_PULP/hero/hero-sdk/pulp-sdk/configs/json/hero-z-7045.json" time="1.215273">
    <success/>
  </testcase>
  <testcase classname=":libgomp.c:cancel-for-2" name="hero-z-7045@config_file=/home0/alessandro/workspace_PULP/hero/hero-sdk/pulp-sdk/configs/json/hero-z-7045.json" time="1.303896">
    <success/>
  </testcase>
  <testcase classname=":libgomp.c:cancel-for-1" name="hero-z-7045@config_file=/home0/alessandro/workspace_PULP/hero/hero-sdk/pulp-sdk/configs/json/hero-z-7045.json" time="1.315715">
    <success/>
  </testcase>
  <testcase classname=":libgomp.c:barrier-1" name="hero-z-7045@config_file=/home0/alessandro/workspace_PULP/hero/hero-sdk/pulp-sdk/configs/json/hero-z-7045.json" time="0.036587">
    <failure>
Running: libgomp.c:barrier-1 / hero-z-7045@config_file=/home0/alessandro/workspace_PULP/hero/hero-sdk/pulp-sdk/configs/json/hero-z-7045.json
Using timeout: 30 seconds
Launching test with command: make clean CSRCS=barrier-1.c
rm -rf *.o *~ libgomp_testsuite barrier-1.o  offload.bin offload.so
Reached EOF with exit status 0
Using timeout: 30 seconds
Launching test with command: make all CSRCS=barrier-1.c
arm-linux-gnueabihf-gcc -O3 -g3 -fopenmp -Wall -I. -I../common -I/home0/alessandro/workspace_PULP/hero/hero-sdk/libhero-target/inc    -c -o barrier-1.o barrier-1.c
[01m[Kbarrier-1.c:7:10:[m[K [01;31m[Kfatal error: [m[Klibgomp_g.h: No such file or directory
 #include [01;31m[K"libgomp_g.h"[m[K
          [01;31m[K^~~~~~~~~~~~~[m[K
compilation terminated.
&lt;builtin&gt;: recipe for target 'barrier-1.o' failed
make: *** [barrier-1.o] Error 1
Reached EOF with exit status 2
</failure>
  </testcase>
  <testcase classname=":libgomp.c:autopar-8" name="hero-z-7045@config_file=/home0/alessandro/workspace_PULP/hero/hero-sdk/pulp-sdk/configs/json/hero-z-7045.json" time="1.287489">
    <success/>
  </testcase>
  <testcase classname=":libgomp.c:autopar-7" name="hero-z-7045@config_file=/home0/alessandro/workspace_PULP/hero/hero-sdk/pulp-sdk/configs/json/hero-z-7045.json" time="1.251816">
    <success/>
  </testcase>
  <testcase classname=":libgomp.c:autopar-6" name="hero-z-7045@config_file=/home0/alessandro/workspace_PULP/hero/hero-sdk/pulp-sdk/configs/json/hero-z-7045.json" time="1.319487">
    <success/>
  </testcase>
  <testcase classname=":libgomp.c:autopar-5" name="hero-z-7045@config_file=/home0/alessandro/workspace_PULP/hero/hero-sdk/pulp-sdk/configs/json/hero-z-7045.json" time="1.308063">
    <success/>
  </testcase>
  <testcase classname=":libgomp.c:autopar-4" name="hero-z-7045@config_file=/home0/alessandro/workspace_PULP/hero/hero-sdk/pulp-sdk/configs/json/hero-z-7045.json" time="1.239522">
    <success/>
  </testcase>
  <testcase classname=":libgomp.c:autopar-3" name="hero-z-7045@config_file=/home0/alessandro/workspace_PULP/hero/hero-sdk/pulp-sdk/configs/json/hero-z-7045.json" time="1.248107">
    <success/>
  </testcase>
  <testcase classname=":libgomp.c:autopar-2" name="hero-z-7045@config_file=/home0/alessandro/workspace_PULP/hero/hero-sdk/pulp-sdk/configs/json/hero-z-7045.json" time="1.267722">
    <success/>
  </testcase>
  <testcase classname=":libgomp.c:autopar-1" name="hero-z-7045@config_file=/home0/alessandro/workspace_PULP/hero/hero-sdk/pulp-sdk/configs/json/hero-z-7045.json" time="1.243702">
    <success/>
  </testcase>
  <testcase classname=":libgomp.c:atomic-6" name="hero-z-7045@config_file=/home0/alessandro/workspace_PULP/hero/hero-sdk/pulp-sdk/configs/json/hero-z-7045.json" time="1.239601">
    <success/>
  </testcase>
  <testcase classname=":libgomp.c:atomic-5" name="hero-z-7045@config_file=/home0/alessandro/workspace_PULP/hero/hero-sdk/pulp-sdk/configs/json/hero-z-7045.json" time="1.232038">
    <success/>
  </testcase>
  <testcase classname=":libgomp.c:atomic-4" name="hero-z-7045@config_file=/home0/alessandro/workspace_PULP/hero/hero-sdk/pulp-sdk/configs/json/hero-z-7045.json" time="1.259897">
    <success/>
  </testcase>
  <testcase classname=":libgomp.c:atomic-3" name="hero-z-7045@config_file=/home0/alessandro/workspace_PULP/hero/hero-sdk/pulp-sdk/configs/json/hero-z-7045.json" time="1.337637">
    <success/>
  </testcase>
  <testcase classname=":libgomp.c:atomic-2" name="hero-z-7045@config_file=/home0/alessandro/workspace_PULP/hero/hero-sdk/pulp-sdk/configs/json/hero-z-7045.json" time="1.249502">
    <success/>
  </testcase>
  <testcase classname=":libgomp.c:atomic-1" name="hero-z-7045@config_file=/home0/alessandro/workspace_PULP/hero/hero-sdk/pulp-sdk/configs/json/hero-z-7045.json" time="1.231735">
    <success/>
  </testcase>
  <testcase classname=":libgomp.c:atomic-18" name="hero-z-7045@config_file=/home0/alessandro/workspace_PULP/hero/hero-sdk/pulp-sdk/configs/json/hero-z-7045.json" time="1.263958">
    <success/>
  </testcase>
  <testcase classname=":libgomp.c:atomic-17" name="hero-z-7045@config_file=/home0/alessandro/workspace_PULP/hero/hero-sdk/pulp-sdk/configs/json/hero-z-7045.json" time="1.267684">
    <success/>
  </testcase>
  <testcase classname=":libgomp.c:atomic-16" name="hero-z-7045@config_file=/home0/alessandro/workspace_PULP/hero/hero-sdk/pulp-sdk/configs/json/hero-z-7045.json" time="1.263733">
    <success/>
  </testcase>
  <testcase classname=":libgomp.c:atomic-15" name="hero-z-7045@config_file=/home0/alessandro/workspace_PULP/hero/hero-sdk/pulp-sdk/configs/json/hero-z-7045.json" time="1.255719">
    <success/>
  </testcase>
  <testcase classname=":libgomp.c:atomic-14" name="hero-z-7045@config_file=/home0/alessandro/workspace_PULP/hero/hero-sdk/pulp-sdk/configs/json/hero-z-7045.json" time="1.283714">
    <success/>
  </testcase>
  <testcase classname=":libgomp.c:atomic-13" name="hero-z-7045@config_file=/home0/alessandro/workspace_PULP/hero/hero-sdk/pulp-sdk/configs/json/hero-z-7045.json" time="1.263754">
    <success/>
  </testcase>
  <testcase classname=":libgomp.c:atomic-12" name="hero-z-7045@config_file=/home0/alessandro/workspace_PULP/hero/hero-sdk/pulp-sdk/configs/json/hero-z-7045.json" time="1.279788">
    <success/>
  </testcase>
  <testcase classname=":libgomp.c:atomic-11" name="hero-z-7045@config_file=/home0/alessandro/workspace_PULP/hero/hero-sdk/pulp-sdk/configs/json/hero-z-7045.json" time="1.247848">
    <success/>
  </testcase>
  <testcase classname=":libgomp.c:atomic-10" name="hero-z-7045@config_file=/home0/alessandro/workspace_PULP/hero/hero-sdk/pulp-sdk/configs/json/hero-z-7045.json" time="1.284015">
    <success/>
  </testcase>
  <testcase classname=":libgomp.c:affinity-2" name="hero-z-7045@config_file=/home0/alessandro/workspace_PULP/hero/hero-sdk/pulp-sdk/configs/json/hero-z-7045.json" time="1.308106">
    <success/>
  </testcase>
</testsuite>
